{"D:\\new_era\\Hackthon\\footprint\\apps\\web\\src\\components\\ActivityLogs.tsx": {"path":"D:\\new_era\\Hackthon\\footprint\\apps\\web\\src\\components\\ActivityLogs.tsx","statementMap":{"0":{"start":{"line":13,"column":79},"end":{"line":13,"column":null}},"1":{"start":{"line":14,"column":19},"end":{"line":14,"column":null}},"2":{"start":{"line":15,"column":2},"end":{"line":28,"column":null}},"3":{"start":{"line":16,"column":4},"end":{"line":18,"column":null}},"4":{"start":{"line":17,"column":6},"end":{"line":17,"column":null}},"5":{"start":{"line":19,"column":4},"end":{"line":26,"column":null}},"6":{"start":{"line":20,"column":21},"end":{"line":20,"column":null}},"7":{"start":{"line":21,"column":6},"end":{"line":21,"column":null}},"8":{"start":{"line":21,"column":42},"end":{"line":21,"column":null}},"9":{"start":{"line":22,"column":6},"end":{"line":22,"column":null}},"10":{"start":{"line":22,"column":42},"end":{"line":22,"column":null}},"11":{"start":{"line":23,"column":6},"end":{"line":23,"column":null}},"12":{"start":{"line":23,"column":42},"end":{"line":23,"column":null}},"13":{"start":{"line":24,"column":6},"end":{"line":24,"column":null}},"14":{"start":{"line":24,"column":41},"end":{"line":24,"column":null}},"15":{"start":{"line":25,"column":6},"end":{"line":25,"column":null}},"16":{"start":{"line":25,"column":42},"end":{"line":25,"column":null}},"17":{"start":{"line":27,"column":4},"end":{"line":27,"column":null}},"18":{"start":{"line":29,"column":2},"end":{"line":37,"column":null}},"19":{"start":{"line":30,"column":4},"end":{"line":35,"column":null}},"20":{"start":{"line":31,"column":21},"end":{"line":31,"column":null}},"21":{"start":{"line":32,"column":6},"end":{"line":32,"column":null}},"22":{"start":{"line":32,"column":40},"end":{"line":32,"column":null}},"23":{"start":{"line":33,"column":6},"end":{"line":33,"column":null}},"24":{"start":{"line":33,"column":40},"end":{"line":33,"column":null}},"25":{"start":{"line":34,"column":6},"end":{"line":34,"column":null}},"26":{"start":{"line":34,"column":40},"end":{"line":34,"column":null}},"27":{"start":{"line":36,"column":4},"end":{"line":36,"column":null}},"28":{"start":{"line":38,"column":2},"end":{"line":52,"column":null}},"29":{"start":{"line":39,"column":4},"end":{"line":41,"column":null}},"30":{"start":{"line":40,"column":6},"end":{"line":40,"column":null}},"31":{"start":{"line":42,"column":4},"end":{"line":44,"column":null}},"32":{"start":{"line":43,"column":6},"end":{"line":43,"column":null}},"33":{"start":{"line":45,"column":4},"end":{"line":50,"column":null}},"34":{"start":{"line":46,"column":21},"end":{"line":46,"column":null}},"35":{"start":{"line":47,"column":6},"end":{"line":47,"column":null}},"36":{"start":{"line":47,"column":49},"end":{"line":47,"column":null}},"37":{"start":{"line":48,"column":6},"end":{"line":48,"column":null}},"38":{"start":{"line":48,"column":49},"end":{"line":48,"column":null}},"39":{"start":{"line":49,"column":6},"end":{"line":49,"column":null}},"40":{"start":{"line":49,"column":42},"end":{"line":49,"column":null}},"41":{"start":{"line":51,"column":4},"end":{"line":51,"column":null}},"42":{"start":{"line":53,"column":2},"end":{"line":53,"column":null}},"43":{"start":{"line":61,"column":40},"end":{"line":61,"column":null}},"44":{"start":{"line":63,"column":25},"end":{"line":70,"column":null}},"45":{"start":{"line":64,"column":4},"end":{"line":64,"column":null}},"46":{"start":{"line":64,"column":22},"end":{"line":64,"column":null}},"47":{"start":{"line":65,"column":18},"end":{"line":65,"column":null}},"48":{"start":{"line":66,"column":20},"end":{"line":66,"column":null}},"49":{"start":{"line":67,"column":19},"end":{"line":67,"column":null}},"50":{"start":{"line":68,"column":21},"end":{"line":68,"column":null}},"51":{"start":{"line":69,"column":4},"end":{"line":69,"column":null}},"52":{"start":{"line":71,"column":2},"end":{"line":203,"column":null}},"53":{"start":{"line":91,"column":25},"end":{"line":91,"column":null}},"54":{"start":{"line":98,"column":28},"end":{"line":98,"column":null}},"55":{"start":{"line":99,"column":28},"end":{"line":104,"column":null}},"56":{"start":{"line":107,"column":32},"end":{"line":107,"column":null}},"57":{"start":{"line":108,"column":26},"end":{"line":108,"column":null}},"58":{"start":{"line":109,"column":29},"end":{"line":109,"column":null}},"59":{"start":{"line":111,"column":12},"end":{"line":123,"column":null}},"60":{"start":{"line":112,"column":14},"end":{"line":112,"column":null}},"61":{"start":{"line":113,"column":14},"end":{"line":113,"column":null}},"62":{"start":{"line":114,"column":14},"end":{"line":114,"column":null}},"63":{"start":{"line":115,"column":19},"end":{"line":123,"column":null}},"64":{"start":{"line":116,"column":14},"end":{"line":116,"column":null}},"65":{"start":{"line":117,"column":14},"end":{"line":117,"column":null}},"66":{"start":{"line":118,"column":14},"end":{"line":118,"column":null}},"67":{"start":{"line":119,"column":19},"end":{"line":123,"column":null}},"68":{"start":{"line":120,"column":14},"end":{"line":120,"column":null}},"69":{"start":{"line":121,"column":14},"end":{"line":121,"column":null}},"70":{"start":{"line":122,"column":14},"end":{"line":122,"column":null}},"71":{"start":{"line":125,"column":12},"end":{"line":194,"column":null}},"72":{"start":{"line":173,"column":35},"end":{"line":173,"column":null}}},"fnMap":{"0":{"name":"getEventDetails","decl":{"start":{"line":12,"column":9},"end":{"line":12,"column":25}},"loc":{"start":{"line":12,"column":53},"end":{"line":54,"column":null}},"line":12},"1":{"name":"ActivityLogs","decl":{"start":{"line":56,"column":24},"end":{"line":56,"column":37}},"loc":{"start":{"line":60,"column":22},"end":{"line":205,"column":null}},"line":60},"2":{"name":"(anonymous_2)","decl":{"start":{"line":63,"column":32},"end":{"line":63,"column":39}},"loc":{"start":{"line":63,"column":44},"end":{"line":70,"column":3}},"line":63},"3":{"name":"(anonymous_3)","decl":{"start":{"line":91,"column":10},"end":{"line":91,"column":20}},"loc":{"start":{"line":91,"column":25},"end":{"line":91,"column":null}},"line":91},"4":{"name":"(anonymous_4)","decl":{"start":{"line":97,"column":26},"end":{"line":97,"column":30}},"loc":{"start":{"line":97,"column":35},"end":{"line":196,"column":11}},"line":97},"5":{"name":"(anonymous_5)","decl":{"start":{"line":173,"column":20},"end":{"line":173,"column":35}},"loc":{"start":{"line":173,"column":35},"end":{"line":173,"column":null}},"line":173}},"branchMap":{"0":{"loc":{"start":{"line":15,"column":2},"end":{"line":28,"column":null}},"type":"if","locations":[{"start":{"line":15,"column":2},"end":{"line":28,"column":null}},{"start":{},"end":{}}],"line":15},"1":{"loc":{"start":{"line":16,"column":4},"end":{"line":18,"column":null}},"type":"if","locations":[{"start":{"line":16,"column":4},"end":{"line":18,"column":null}},{"start":{},"end":{}}],"line":16},"2":{"loc":{"start":{"line":19,"column":4},"end":{"line":26,"column":null}},"type":"if","locations":[{"start":{"line":19,"column":4},"end":{"line":26,"column":null}},{"start":{},"end":{}}],"line":19},"3":{"loc":{"start":{"line":21,"column":6},"end":{"line":21,"column":null}},"type":"if","locations":[{"start":{"line":21,"column":6},"end":{"line":21,"column":null}},{"start":{},"end":{}}],"line":21},"4":{"loc":{"start":{"line":22,"column":6},"end":{"line":22,"column":null}},"type":"if","locations":[{"start":{"line":22,"column":6},"end":{"line":22,"column":null}},{"start":{},"end":{}}],"line":22},"5":{"loc":{"start":{"line":23,"column":6},"end":{"line":23,"column":null}},"type":"if","locations":[{"start":{"line":23,"column":6},"end":{"line":23,"column":null}},{"start":{},"end":{}}],"line":23},"6":{"loc":{"start":{"line":24,"column":6},"end":{"line":24,"column":null}},"type":"if","locations":[{"start":{"line":24,"column":6},"end":{"line":24,"column":null}},{"start":{},"end":{}}],"line":24},"7":{"loc":{"start":{"line":25,"column":6},"end":{"line":25,"column":null}},"type":"if","locations":[{"start":{"line":25,"column":6},"end":{"line":25,"column":null}},{"start":{},"end":{}}],"line":25},"8":{"loc":{"start":{"line":29,"column":2},"end":{"line":37,"column":null}},"type":"if","locations":[{"start":{"line":29,"column":2},"end":{"line":37,"column":null}},{"start":{},"end":{}}],"line":29},"9":{"loc":{"start":{"line":30,"column":4},"end":{"line":35,"column":null}},"type":"if","locations":[{"start":{"line":30,"column":4},"end":{"line":35,"column":null}},{"start":{},"end":{}}],"line":30},"10":{"loc":{"start":{"line":32,"column":6},"end":{"line":32,"column":null}},"type":"if","locations":[{"start":{"line":32,"column":6},"end":{"line":32,"column":null}},{"start":{},"end":{}}],"line":32},"11":{"loc":{"start":{"line":32,"column":94},"end":{"line":32,"column":119}},"type":"cond-expr","locations":[{"start":{"line":32,"column":110},"end":{"line":32,"column":116}},{"start":{"line":32,"column":116},"end":{"line":32,"column":119}}],"line":32},"12":{"loc":{"start":{"line":33,"column":6},"end":{"line":33,"column":null}},"type":"if","locations":[{"start":{"line":33,"column":6},"end":{"line":33,"column":null}},{"start":{},"end":{}}],"line":33},"13":{"loc":{"start":{"line":33,"column":93},"end":{"line":33,"column":118}},"type":"cond-expr","locations":[{"start":{"line":33,"column":109},"end":{"line":33,"column":115}},{"start":{"line":33,"column":115},"end":{"line":33,"column":118}}],"line":33},"14":{"loc":{"start":{"line":34,"column":6},"end":{"line":34,"column":null}},"type":"if","locations":[{"start":{"line":34,"column":6},"end":{"line":34,"column":null}},{"start":{},"end":{}}],"line":34},"15":{"loc":{"start":{"line":34,"column":92},"end":{"line":34,"column":117}},"type":"cond-expr","locations":[{"start":{"line":34,"column":108},"end":{"line":34,"column":114}},{"start":{"line":34,"column":114},"end":{"line":34,"column":117}}],"line":34},"16":{"loc":{"start":{"line":38,"column":2},"end":{"line":52,"column":null}},"type":"if","locations":[{"start":{"line":38,"column":2},"end":{"line":52,"column":null}},{"start":{},"end":{}}],"line":38},"17":{"loc":{"start":{"line":39,"column":4},"end":{"line":41,"column":null}},"type":"if","locations":[{"start":{"line":39,"column":4},"end":{"line":41,"column":null}},{"start":{},"end":{}}],"line":39},"18":{"loc":{"start":{"line":42,"column":4},"end":{"line":44,"column":null}},"type":"if","locations":[{"start":{"line":42,"column":4},"end":{"line":44,"column":null}},{"start":{},"end":{}}],"line":42},"19":{"loc":{"start":{"line":45,"column":4},"end":{"line":50,"column":null}},"type":"if","locations":[{"start":{"line":45,"column":4},"end":{"line":50,"column":null}},{"start":{},"end":{}}],"line":45},"20":{"loc":{"start":{"line":47,"column":6},"end":{"line":47,"column":null}},"type":"if","locations":[{"start":{"line":47,"column":6},"end":{"line":47,"column":null}},{"start":{},"end":{}}],"line":47},"21":{"loc":{"start":{"line":48,"column":6},"end":{"line":48,"column":null}},"type":"if","locations":[{"start":{"line":48,"column":6},"end":{"line":48,"column":null}},{"start":{},"end":{}}],"line":48},"22":{"loc":{"start":{"line":49,"column":6},"end":{"line":49,"column":null}},"type":"if","locations":[{"start":{"line":49,"column":6},"end":{"line":49,"column":null}},{"start":{},"end":{}}],"line":49},"23":{"loc":{"start":{"line":64,"column":4},"end":{"line":64,"column":null}},"type":"if","locations":[{"start":{"line":64,"column":4},"end":{"line":64,"column":null}},{"start":{},"end":{}}],"line":64},"24":{"loc":{"start":{"line":69,"column":11},"end":{"line":69,"column":null}},"type":"binary-expr","locations":[{"start":{"line":69,"column":11},"end":{"line":69,"column":38}},{"start":{"line":69,"column":38},"end":{"line":69,"column":64}},{"start":{"line":69,"column":64},"end":{"line":69,"column":null}}],"line":69},"25":{"loc":{"start":{"line":95,"column":7},"end":{"line":201,"column":null}},"type":"cond-expr","locations":[{"start":{"line":96,"column":8},"end":{"line":199,"column":9}},{"start":{"line":199,"column":8},"end":{"line":201,"column":null}}],"line":95},"26":{"loc":{"start":{"line":111,"column":12},"end":{"line":123,"column":null}},"type":"if","locations":[{"start":{"line":111,"column":12},"end":{"line":123,"column":null}},{"start":{"line":115,"column":19},"end":{"line":123,"column":null}}],"line":111},"27":{"loc":{"start":{"line":115,"column":19},"end":{"line":123,"column":null}},"type":"if","locations":[{"start":{"line":115,"column":19},"end":{"line":123,"column":null}},{"start":{"line":119,"column":19},"end":{"line":123,"column":null}}],"line":115},"28":{"loc":{"start":{"line":119,"column":19},"end":{"line":123,"column":null}},"type":"if","locations":[{"start":{"line":119,"column":19},"end":{"line":123,"column":null}},{"start":{},"end":{}}],"line":119}},"s":{"0":34,"1":34,"2":34,"3":23,"4":0,"5":23,"6":23,"7":23,"8":0,"9":23,"10":0,"11":23,"12":0,"13":23,"14":22,"15":1,"16":1,"17":1,"18":11,"19":10,"20":10,"21":10,"22":1,"23":9,"24":9,"25":9,"26":9,"27":0,"28":1,"29":1,"30":0,"31":1,"32":0,"33":1,"34":1,"35":1,"36":0,"37":1,"38":0,"39":1,"40":1,"41":0,"42":0,"43":26,"44":26,"45":30,"46":12,"47":18,"48":18,"49":18,"50":18,"51":18,"52":26,"53":14,"54":16,"55":16,"56":16,"57":16,"58":16,"59":16,"60":1,"61":1,"62":1,"63":15,"64":9,"65":9,"66":9,"67":6,"68":6,"69":6,"70":6,"71":16,"72":1},"f":{"0":34,"1":26,"2":30,"3":14,"4":16,"5":1},"b":{"0":[23,11],"1":[0,23],"2":[23,0],"3":[0,23],"4":[0,23],"5":[0,23],"6":[22,1],"7":[0,1],"8":[10,1],"9":[10,0],"10":[1,9],"11":[1,0],"12":[0,9],"13":[0,0],"14":[9,0],"15":[9,0],"16":[1,0],"17":[0,1],"18":[0,1],"19":[1,0],"20":[0,1],"21":[0,1],"22":[1,0],"23":[12,18],"24":[18,17,17],"25":[13,13],"26":[1,15],"27":[9,6],"28":[6,0]},"meta":{"lastBranch":29,"lastFunction":6,"lastStatement":73,"seen":{"f:12:9:12:25":0,"s:13:79:13:Infinity":0,"s:14:19:14:Infinity":1,"b:15:2:28:Infinity:undefined:undefined:undefined:undefined":0,"s:15:2:28:Infinity":2,"b:16:4:18:Infinity:undefined:undefined:undefined:undefined":1,"s:16:4:18:Infinity":3,"s:17:6:17:Infinity":4,"b:19:4:26:Infinity:undefined:undefined:undefined:undefined":2,"s:19:4:26:Infinity":5,"s:20:21:20:Infinity":6,"b:21:6:21:Infinity:undefined:undefined:undefined:undefined":3,"s:21:6:21:Infinity":7,"s:21:42:21:Infinity":8,"b:22:6:22:Infinity:undefined:undefined:undefined:undefined":4,"s:22:6:22:Infinity":9,"s:22:42:22:Infinity":10,"b:23:6:23:Infinity:undefined:undefined:undefined:undefined":5,"s:23:6:23:Infinity":11,"s:23:42:23:Infinity":12,"b:24:6:24:Infinity:undefined:undefined:undefined:undefined":6,"s:24:6:24:Infinity":13,"s:24:41:24:Infinity":14,"b:25:6:25:Infinity:undefined:undefined:undefined:undefined":7,"s:25:6:25:Infinity":15,"s:25:42:25:Infinity":16,"s:27:4:27:Infinity":17,"b:29:2:37:Infinity:undefined:undefined:undefined:undefined":8,"s:29:2:37:Infinity":18,"b:30:4:35:Infinity:undefined:undefined:undefined:undefined":9,"s:30:4:35:Infinity":19,"s:31:21:31:Infinity":20,"b:32:6:32:Infinity:undefined:undefined:undefined:undefined":10,"s:32:6:32:Infinity":21,"s:32:40:32:Infinity":22,"b:32:110:32:116:32:116:32:119":11,"b:33:6:33:Infinity:undefined:undefined:undefined:undefined":12,"s:33:6:33:Infinity":23,"s:33:40:33:Infinity":24,"b:33:109:33:115:33:115:33:118":13,"b:34:6:34:Infinity:undefined:undefined:undefined:undefined":14,"s:34:6:34:Infinity":25,"s:34:40:34:Infinity":26,"b:34:108:34:114:34:114:34:117":15,"s:36:4:36:Infinity":27,"b:38:2:52:Infinity:undefined:undefined:undefined:undefined":16,"s:38:2:52:Infinity":28,"b:39:4:41:Infinity:undefined:undefined:undefined:undefined":17,"s:39:4:41:Infinity":29,"s:40:6:40:Infinity":30,"b:42:4:44:Infinity:undefined:undefined:undefined:undefined":18,"s:42:4:44:Infinity":31,"s:43:6:43:Infinity":32,"b:45:4:50:Infinity:undefined:undefined:undefined:undefined":19,"s:45:4:50:Infinity":33,"s:46:21:46:Infinity":34,"b:47:6:47:Infinity:undefined:undefined:undefined:undefined":20,"s:47:6:47:Infinity":35,"s:47:49:47:Infinity":36,"b:48:6:48:Infinity:undefined:undefined:undefined:undefined":21,"s:48:6:48:Infinity":37,"s:48:49:48:Infinity":38,"b:49:6:49:Infinity:undefined:undefined:undefined:undefined":22,"s:49:6:49:Infinity":39,"s:49:42:49:Infinity":40,"s:51:4:51:Infinity":41,"s:53:2:53:Infinity":42,"f:56:24:56:37":1,"s:61:40:61:Infinity":43,"s:63:25:70:Infinity":44,"f:63:32:63:39":2,"b:64:4:64:Infinity:undefined:undefined:undefined:undefined":23,"s:64:4:64:Infinity":45,"s:64:22:64:Infinity":46,"s:65:18:65:Infinity":47,"s:66:20:66:Infinity":48,"s:67:19:67:Infinity":49,"s:68:21:68:Infinity":50,"s:69:4:69:Infinity":51,"b:69:11:69:38:69:38:69:64:69:64:69:Infinity":24,"s:71:2:203:Infinity":52,"f:91:10:91:20":3,"s:91:25:91:Infinity":53,"b:96:8:199:9:199:8:201:Infinity":25,"f:97:26:97:30":4,"s:98:28:98:Infinity":54,"s:99:28:104:Infinity":55,"s:107:32:107:Infinity":56,"s:108:26:108:Infinity":57,"s:109:29:109:Infinity":58,"b:111:12:123:Infinity:115:19:123:Infinity":26,"s:111:12:123:Infinity":59,"s:112:14:112:Infinity":60,"s:113:14:113:Infinity":61,"s:114:14:114:Infinity":62,"b:115:19:123:Infinity:119:19:123:Infinity":27,"s:115:19:123:Infinity":63,"s:116:14:116:Infinity":64,"s:117:14:117:Infinity":65,"s:118:14:118:Infinity":66,"b:119:19:123:Infinity:undefined:undefined:undefined:undefined":28,"s:119:19:123:Infinity":67,"s:120:14:120:Infinity":68,"s:121:14:121:Infinity":69,"s:122:14:122:Infinity":70,"s:125:12:194:Infinity":71,"f:173:20:173:35":5,"s:173:35:173:Infinity":72},"fnNames":{}}}
,"D:\\new_era\\Hackthon\\footprint\\apps\\web\\src\\components\\EcoSphere.tsx": {"path":"D:\\new_era\\Hackthon\\footprint\\apps\\web\\src\\components\\EcoSphere.tsx","statementMap":{"0":{"start":{"line":7,"column":2},"end":{"line":94,"column":null}}},"fnMap":{"0":{"name":"EcoSphere","decl":{"start":{"line":6,"column":24},"end":{"line":6,"column":34}},"loc":{"start":{"line":6,"column":61},"end":{"line":96,"column":null}},"line":6}},"branchMap":{"0":{"loc":{"start":{"line":34,"column":7},"end":{"line":40,"column":null}},"type":"binary-expr","locations":[{"start":{"line":34,"column":7},"end":{"line":34,"column":null}},{"start":{"line":35,"column":8},"end":{"line":40,"column":null}}],"line":34},"1":{"loc":{"start":{"line":44,"column":7},"end":{"line":50,"column":null}},"type":"binary-expr","locations":[{"start":{"line":44,"column":7},"end":{"line":44,"column":null}},{"start":{"line":45,"column":8},"end":{"line":50,"column":null}}],"line":44},"2":{"loc":{"start":{"line":54,"column":7},"end":{"line":62,"column":null}},"type":"binary-expr","locations":[{"start":{"line":54,"column":7},"end":{"line":54,"column":null}},{"start":{"line":55,"column":8},"end":{"line":62,"column":null}}],"line":54},"3":{"loc":{"start":{"line":66,"column":7},"end":{"line":74,"column":null}},"type":"binary-expr","locations":[{"start":{"line":66,"column":7},"end":{"line":66,"column":null}},{"start":{"line":67,"column":8},"end":{"line":74,"column":null}}],"line":66},"4":{"loc":{"start":{"line":78,"column":7},"end":{"line":92,"column":null}},"type":"binary-expr","locations":[{"start":{"line":78,"column":7},"end":{"line":78,"column":null}},{"start":{"line":79,"column":8},"end":{"line":92,"column":null}}],"line":78}},"s":{"0":7},"f":{"0":7},"b":{"0":[7,6],"1":[7,2],"2":[7,2],"3":[7,2],"4":[7,2]},"meta":{"lastBranch":5,"lastFunction":1,"lastStatement":1,"seen":{"f:6:24:6:34":0,"s:7:2:94:Infinity":0,"b:34:7:34:Infinity:35:8:40:Infinity":0,"b:44:7:44:Infinity:45:8:50:Infinity":1,"b:54:7:54:Infinity:55:8:62:Infinity":2,"b:66:7:66:Infinity:67:8:74:Infinity":3,"b:78:7:78:Infinity:79:8:92:Infinity":4},"fnNames":{}}}
,"D:\\new_era\\Hackthon\\footprint\\apps\\web\\src\\components\\QuickTracker.tsx": {"path":"D:\\new_era\\Hackthon\\footprint\\apps\\web\\src\\components\\QuickTracker.tsx","statementMap":{"0":{"start":{"line":11,"column":21},"end":{"line":11,"column":null}},"1":{"start":{"line":12,"column":22},"end":{"line":12,"column":null}},"2":{"start":{"line":13,"column":19},"end":{"line":13,"column":null}},"3":{"start":{"line":14,"column":27},"end":{"line":14,"column":null}},"4":{"start":{"line":15,"column":22},"end":{"line":15,"column":null}},"5":{"start":{"line":16,"column":27},"end":{"line":16,"column":null}},"6":{"start":{"line":18,"column":26},"end":{"line":26,"column":null}},"7":{"start":{"line":19,"column":4},"end":{"line":19,"column":null}},"8":{"start":{"line":20,"column":17},"end":{"line":20,"column":null}},"9":{"start":{"line":22,"column":6},"end":{"line":24,"column":null}},"10":{"start":{"line":25,"column":4},"end":{"line":25,"column":null}},"11":{"start":{"line":28,"column":2},"end":{"line":272,"column":null}},"12":{"start":{"line":49,"column":25},"end":{"line":49,"column":null}},"13":{"start":{"line":70,"column":25},"end":{"line":70,"column":null}},"14":{"start":{"line":91,"column":25},"end":{"line":91,"column":null}},"15":{"start":{"line":112,"column":25},"end":{"line":112,"column":null}},"16":{"start":{"line":130,"column":23},"end":{"line":130,"column":null}},"17":{"start":{"line":130,"column":42},"end":{"line":130,"column":44}},"18":{"start":{"line":167,"column":29},"end":{"line":167,"column":null}},"19":{"start":{"line":186,"column":33},"end":{"line":186,"column":null}},"20":{"start":{"line":195,"column":33},"end":{"line":195,"column":null}},"21":{"start":{"line":218,"column":33},"end":{"line":218,"column":null}},"22":{"start":{"line":227,"column":33},"end":{"line":227,"column":null}},"23":{"start":{"line":248,"column":33},"end":{"line":248,"column":null}},"24":{"start":{"line":257,"column":33},"end":{"line":257,"column":null}}},"fnMap":{"0":{"name":"QuickTracker","decl":{"start":{"line":9,"column":24},"end":{"line":9,"column":37}},"loc":{"start":{"line":9,"column":86},"end":{"line":274,"column":null}},"line":9},"1":{"name":"(anonymous_1)","decl":{"start":{"line":18,"column":26},"end":{"line":18,"column":33}},"loc":{"start":{"line":18,"column":56},"end":{"line":26,"column":null}},"line":18},"2":{"name":"(anonymous_2)","decl":{"start":{"line":49,"column":10},"end":{"line":49,"column":25}},"loc":{"start":{"line":49,"column":25},"end":{"line":49,"column":null}},"line":49},"3":{"name":"(anonymous_3)","decl":{"start":{"line":70,"column":10},"end":{"line":70,"column":25}},"loc":{"start":{"line":70,"column":25},"end":{"line":70,"column":null}},"line":70},"4":{"name":"(anonymous_4)","decl":{"start":{"line":91,"column":10},"end":{"line":91,"column":25}},"loc":{"start":{"line":91,"column":25},"end":{"line":91,"column":null}},"line":91},"5":{"name":"(anonymous_5)","decl":{"start":{"line":112,"column":10},"end":{"line":112,"column":25}},"loc":{"start":{"line":112,"column":25},"end":{"line":112,"column":null}},"line":112},"6":{"name":"(anonymous_6)","decl":{"start":{"line":130,"column":8},"end":{"line":130,"column":23}},"loc":{"start":{"line":130,"column":23},"end":{"line":130,"column":null}},"line":130},"7":{"name":"(anonymous_7)","decl":{"start":{"line":130,"column":23},"end":{"line":130,"column":37}},"loc":{"start":{"line":130,"column":42},"end":{"line":130,"column":44}},"line":130},"8":{"name":"(anonymous_8)","decl":{"start":{"line":167,"column":14},"end":{"line":167,"column":24}},"loc":{"start":{"line":167,"column":29},"end":{"line":167,"column":null}},"line":167},"9":{"name":"(anonymous_9)","decl":{"start":{"line":186,"column":18},"end":{"line":186,"column":28}},"loc":{"start":{"line":186,"column":33},"end":{"line":186,"column":null}},"line":186},"10":{"name":"(anonymous_10)","decl":{"start":{"line":195,"column":18},"end":{"line":195,"column":28}},"loc":{"start":{"line":195,"column":33},"end":{"line":195,"column":null}},"line":195},"11":{"name":"(anonymous_11)","decl":{"start":{"line":218,"column":18},"end":{"line":218,"column":28}},"loc":{"start":{"line":218,"column":33},"end":{"line":218,"column":null}},"line":218},"12":{"name":"(anonymous_12)","decl":{"start":{"line":227,"column":18},"end":{"line":227,"column":28}},"loc":{"start":{"line":227,"column":33},"end":{"line":227,"column":null}},"line":227},"13":{"name":"(anonymous_13)","decl":{"start":{"line":248,"column":18},"end":{"line":248,"column":28}},"loc":{"start":{"line":248,"column":33},"end":{"line":248,"column":null}},"line":248},"14":{"name":"(anonymous_14)","decl":{"start":{"line":257,"column":18},"end":{"line":257,"column":28}},"loc":{"start":{"line":257,"column":33},"end":{"line":257,"column":null}},"line":257}},"branchMap":{"0":{"loc":{"start":{"line":20,"column":17},"end":{"line":20,"column":null}},"type":"cond-expr","locations":[{"start":{"line":20,"column":45},"end":{"line":20,"column":53}},{"start":{"line":20,"column":53},"end":{"line":20,"column":null}}],"line":20},"1":{"loc":{"start":{"line":20,"column":53},"end":{"line":20,"column":null}},"type":"cond-expr","locations":[{"start":{"line":20,"column":83},"end":{"line":20,"column":93}},{"start":{"line":20,"column":93},"end":{"line":20,"column":null}}],"line":20},"2":{"loc":{"start":{"line":22,"column":6},"end":{"line":24,"column":null}},"type":"cond-expr","locations":[{"start":{"line":22,"column":36},"end":{"line":22,"column":null}},{"start":{"line":23,"column":6},"end":{"line":24,"column":null}}],"line":22},"3":{"loc":{"start":{"line":23,"column":6},"end":{"line":24,"column":null}},"type":"cond-expr","locations":[{"start":{"line":23,"column":31},"end":{"line":23,"column":null}},{"start":{"line":24,"column":6},"end":{"line":24,"column":null}}],"line":23},"4":{"loc":{"start":{"line":143,"column":9},"end":{"line":144,"column":null}},"type":"cond-expr","locations":[{"start":{"line":143,"column":22},"end":{"line":143,"column":49}},{"start":{"line":143,"column":48},"end":{"line":144,"column":null}}],"line":143},"5":{"loc":{"start":{"line":147,"column":7},"end":{"line":270,"column":null}},"type":"binary-expr","locations":[{"start":{"line":147,"column":7},"end":{"line":147,"column":null}},{"start":{"line":148,"column":8},"end":{"line":270,"column":null}}],"line":147},"6":{"loc":{"start":{"line":176,"column":11},"end":{"line":204,"column":null}},"type":"binary-expr","locations":[{"start":{"line":176,"column":11},"end":{"line":176,"column":null}},{"start":{"line":177,"column":12},"end":{"line":204,"column":null}}],"line":176},"7":{"loc":{"start":{"line":208,"column":11},"end":{"line":234,"column":null}},"type":"binary-expr","locations":[{"start":{"line":208,"column":11},"end":{"line":208,"column":null}},{"start":{"line":209,"column":12},"end":{"line":234,"column":null}}],"line":208},"8":{"loc":{"start":{"line":238,"column":11},"end":{"line":264,"column":null}},"type":"binary-expr","locations":[{"start":{"line":238,"column":11},"end":{"line":238,"column":null}},{"start":{"line":239,"column":12},"end":{"line":264,"column":null}}],"line":238}},"s":{"0":22,"1":22,"2":22,"3":22,"4":22,"5":22,"6":22,"7":1,"8":1,"9":1,"10":1,"11":22,"12":1,"13":1,"14":1,"15":1,"16":6,"17":6,"18":2,"19":1,"20":0,"21":0,"22":0,"23":0,"24":0},"f":{"0":22,"1":1,"2":1,"3":1,"4":1,"5":1,"6":6,"7":6,"8":2,"9":1,"10":0,"11":0,"12":0,"13":0,"14":0},"b":{"0":[0,1],"1":[1,0],"2":[1,0],"3":[0,0],"4":[8,14],"5":[22,8],"6":[8,6],"7":[8,1],"8":[8,1]},"meta":{"lastBranch":9,"lastFunction":15,"lastStatement":25,"seen":{"f:9:24:9:37":0,"s:11:21:11:Infinity":0,"s:12:22:12:Infinity":1,"s:13:19:13:Infinity":2,"s:14:27:14:Infinity":3,"s:15:22:15:Infinity":4,"s:16:27:16:Infinity":5,"s:18:26:26:Infinity":6,"f:18:26:18:33":1,"s:19:4:19:Infinity":7,"s:20:17:20:Infinity":8,"b:20:45:20:53:20:53:20:Infinity":0,"b:20:83:20:93:20:93:20:Infinity":1,"s:22:6:24:Infinity":9,"b:22:36:22:Infinity:23:6:24:Infinity":2,"b:23:31:23:Infinity:24:6:24:Infinity":3,"s:25:4:25:Infinity":10,"s:28:2:272:Infinity":11,"f:49:10:49:25":2,"s:49:25:49:Infinity":12,"f:70:10:70:25":3,"s:70:25:70:Infinity":13,"f:91:10:91:25":4,"s:91:25:91:Infinity":14,"f:112:10:112:25":5,"s:112:25:112:Infinity":15,"f:130:8:130:23":6,"s:130:23:130:Infinity":16,"f:130:23:130:37":7,"s:130:42:130:44":17,"b:143:22:143:49:143:48:144:Infinity":4,"b:147:7:147:Infinity:148:8:270:Infinity":5,"f:167:14:167:24":8,"s:167:29:167:Infinity":18,"b:176:11:176:Infinity:177:12:204:Infinity":6,"f:186:18:186:28":9,"s:186:33:186:Infinity":19,"f:195:18:195:28":10,"s:195:33:195:Infinity":20,"b:208:11:208:Infinity:209:12:234:Infinity":7,"f:218:18:218:28":11,"s:218:33:218:Infinity":21,"f:227:18:227:28":12,"s:227:33:227:Infinity":22,"b:238:11:238:Infinity:239:12:264:Infinity":8,"f:248:18:248:28":13,"s:248:33:248:Infinity":23,"f:257:18:257:28":14,"s:257:33:257:Infinity":24},"fnNames":{}}}
,"D:\\new_era\\Hackthon\\footprint\\apps\\web\\src\\components\\Simulator.tsx": {"path":"D:\\new_era\\Hackthon\\footprint\\apps\\web\\src\\components\\Simulator.tsx","statementMap":{"0":{"start":{"line":26,"column":2},"end":{"line":136,"column":null}},"1":{"start":{"line":40,"column":27},"end":{"line":40,"column":null}},"2":{"start":{"line":48,"column":27},"end":{"line":48,"column":null}},"3":{"start":{"line":56,"column":27},"end":{"line":56,"column":null}},"4":{"start":{"line":73,"column":27},"end":{"line":73,"column":null}},"5":{"start":{"line":81,"column":27},"end":{"line":81,"column":null}},"6":{"start":{"line":89,"column":27},"end":{"line":89,"column":null}},"7":{"start":{"line":97,"column":27},"end":{"line":97,"column":null}},"8":{"start":{"line":114,"column":27},"end":{"line":114,"column":null}},"9":{"start":{"line":122,"column":27},"end":{"line":122,"column":null}},"10":{"start":{"line":130,"column":27},"end":{"line":130,"column":null}}},"fnMap":{"0":{"name":"Simulator","decl":{"start":{"line":15,"column":24},"end":{"line":15,"column":34}},"loc":{"start":{"line":25,"column":19},"end":{"line":138,"column":null}},"line":25},"1":{"name":"(anonymous_1)","decl":{"start":{"line":40,"column":12},"end":{"line":40,"column":27}},"loc":{"start":{"line":40,"column":27},"end":{"line":40,"column":null}},"line":40},"2":{"name":"(anonymous_2)","decl":{"start":{"line":48,"column":12},"end":{"line":48,"column":27}},"loc":{"start":{"line":48,"column":27},"end":{"line":48,"column":null}},"line":48},"3":{"name":"(anonymous_3)","decl":{"start":{"line":56,"column":12},"end":{"line":56,"column":27}},"loc":{"start":{"line":56,"column":27},"end":{"line":56,"column":null}},"line":56},"4":{"name":"(anonymous_4)","decl":{"start":{"line":73,"column":12},"end":{"line":73,"column":27}},"loc":{"start":{"line":73,"column":27},"end":{"line":73,"column":null}},"line":73},"5":{"name":"(anonymous_5)","decl":{"start":{"line":81,"column":12},"end":{"line":81,"column":27}},"loc":{"start":{"line":81,"column":27},"end":{"line":81,"column":null}},"line":81},"6":{"name":"(anonymous_6)","decl":{"start":{"line":89,"column":12},"end":{"line":89,"column":27}},"loc":{"start":{"line":89,"column":27},"end":{"line":89,"column":null}},"line":89},"7":{"name":"(anonymous_7)","decl":{"start":{"line":97,"column":12},"end":{"line":97,"column":27}},"loc":{"start":{"line":97,"column":27},"end":{"line":97,"column":null}},"line":97},"8":{"name":"(anonymous_8)","decl":{"start":{"line":114,"column":12},"end":{"line":114,"column":27}},"loc":{"start":{"line":114,"column":27},"end":{"line":114,"column":null}},"line":114},"9":{"name":"(anonymous_9)","decl":{"start":{"line":122,"column":12},"end":{"line":122,"column":27}},"loc":{"start":{"line":122,"column":27},"end":{"line":122,"column":null}},"line":122},"10":{"name":"(anonymous_10)","decl":{"start":{"line":130,"column":12},"end":{"line":130,"column":27}},"loc":{"start":{"line":130,"column":27},"end":{"line":130,"column":null}},"line":130}},"branchMap":{"0":{"loc":{"start":{"line":39,"column":47},"end":{"line":39,"column":null}},"type":"cond-expr","locations":[{"start":{"line":39,"column":75},"end":{"line":39,"column":86}},{"start":{"line":39,"column":86},"end":{"line":39,"column":null}}],"line":39},"1":{"loc":{"start":{"line":47,"column":47},"end":{"line":47,"column":null}},"type":"cond-expr","locations":[{"start":{"line":47,"column":83},"end":{"line":47,"column":94}},{"start":{"line":47,"column":94},"end":{"line":47,"column":null}}],"line":47},"2":{"loc":{"start":{"line":55,"column":47},"end":{"line":55,"column":null}},"type":"cond-expr","locations":[{"start":{"line":55,"column":72},"end":{"line":55,"column":83}},{"start":{"line":55,"column":83},"end":{"line":55,"column":null}}],"line":55},"3":{"loc":{"start":{"line":72,"column":47},"end":{"line":72,"column":null}},"type":"cond-expr","locations":[{"start":{"line":72,"column":72},"end":{"line":72,"column":83}},{"start":{"line":72,"column":83},"end":{"line":72,"column":null}}],"line":72},"4":{"loc":{"start":{"line":80,"column":47},"end":{"line":80,"column":null}},"type":"cond-expr","locations":[{"start":{"line":80,"column":76},"end":{"line":80,"column":87}},{"start":{"line":80,"column":87},"end":{"line":80,"column":null}}],"line":80},"5":{"loc":{"start":{"line":88,"column":47},"end":{"line":88,"column":null}},"type":"cond-expr","locations":[{"start":{"line":88,"column":75},"end":{"line":88,"column":86}},{"start":{"line":88,"column":86},"end":{"line":88,"column":null}}],"line":88},"6":{"loc":{"start":{"line":96,"column":47},"end":{"line":96,"column":null}},"type":"cond-expr","locations":[{"start":{"line":96,"column":76},"end":{"line":96,"column":87}},{"start":{"line":96,"column":87},"end":{"line":96,"column":null}}],"line":96},"7":{"loc":{"start":{"line":113,"column":47},"end":{"line":113,"column":null}},"type":"cond-expr","locations":[{"start":{"line":113,"column":68},"end":{"line":113,"column":79}},{"start":{"line":113,"column":79},"end":{"line":113,"column":null}}],"line":113},"8":{"loc":{"start":{"line":121,"column":47},"end":{"line":121,"column":null}},"type":"cond-expr","locations":[{"start":{"line":121,"column":72},"end":{"line":121,"column":83}},{"start":{"line":121,"column":83},"end":{"line":121,"column":null}}],"line":121},"9":{"loc":{"start":{"line":129,"column":47},"end":{"line":129,"column":null}},"type":"cond-expr","locations":[{"start":{"line":129,"column":69},"end":{"line":129,"column":80}},{"start":{"line":129,"column":80},"end":{"line":129,"column":null}}],"line":129}},"s":{"0":4,"1":1,"2":1,"3":1,"4":1,"5":1,"6":1,"7":1,"8":1,"9":1,"10":1},"f":{"0":4,"1":1,"2":1,"3":1,"4":1,"5":1,"6":1,"7":1,"8":1,"9":1,"10":1},"b":{"0":[4,0],"1":[0,4],"2":[0,4],"3":[0,4],"4":[4,0],"5":[0,4],"6":[0,4],"7":[0,4],"8":[4,0],"9":[0,4]},"meta":{"lastBranch":10,"lastFunction":11,"lastStatement":11,"seen":{"f:15:24:15:34":0,"s:26:2:136:Infinity":0,"b:39:75:39:86:39:86:39:Infinity":0,"f:40:12:40:27":1,"s:40:27:40:Infinity":1,"b:47:83:47:94:47:94:47:Infinity":1,"f:48:12:48:27":2,"s:48:27:48:Infinity":2,"b:55:72:55:83:55:83:55:Infinity":2,"f:56:12:56:27":3,"s:56:27:56:Infinity":3,"b:72:72:72:83:72:83:72:Infinity":3,"f:73:12:73:27":4,"s:73:27:73:Infinity":4,"b:80:76:80:87:80:87:80:Infinity":4,"f:81:12:81:27":5,"s:81:27:81:Infinity":5,"b:88:75:88:86:88:86:88:Infinity":5,"f:89:12:89:27":6,"s:89:27:89:Infinity":6,"b:96:76:96:87:96:87:96:Infinity":6,"f:97:12:97:27":7,"s:97:27:97:Infinity":7,"b:113:68:113:79:113:79:113:Infinity":7,"f:114:12:114:27":8,"s:114:27:114:Infinity":8,"b:121:72:121:83:121:83:121:Infinity":8,"f:122:12:122:27":9,"s:122:27:122:Infinity":9,"b:129:69:129:80:129:80:129:Infinity":9,"f:130:12:130:27":10,"s:130:27:130:Infinity":10},"fnNames":{}}}
}
