{"D:\\new_era\\Hackthon\\footprint\\apps\\api\\src\\auth.ts": {"path":"D:\\new_era\\Hackthon\\footprint\\apps\\api\\src\\auth.ts","statementMap":{"0":{"start":{"line":4,"column":26},"end":{"line":4,"column":null}},"1":{"start":{"line":12,"column":14},"end":{"line":12,"column":null}},"2":{"start":{"line":13,"column":2},"end":{"line":16,"column":null}},"3":{"start":{"line":14,"column":23},"end":{"line":14,"column":null}},"4":{"start":{"line":15,"column":4},"end":{"line":15,"column":null}},"5":{"start":{"line":18,"column":2},"end":{"line":21,"column":null}},"6":{"start":{"line":19,"column":4},"end":{"line":19,"column":null}},"7":{"start":{"line":20,"column":4},"end":{"line":20,"column":null}},"8":{"start":{"line":23,"column":2},"end":{"line":30,"column":null}},"9":{"start":{"line":24,"column":4},"end":{"line":27,"column":null}},"10":{"start":{"line":25,"column":6},"end":{"line":25,"column":null}},"11":{"start":{"line":26,"column":6},"end":{"line":26,"column":null}},"12":{"start":{"line":28,"column":4},"end":{"line":28,"column":null}},"13":{"start":{"line":29,"column":4},"end":{"line":29,"column":null}}},"fnMap":{"0":{"name":"authenticateToken","decl":{"start":{"line":10,"column":16},"end":{"line":10,"column":34}},"loc":{"start":{"line":10,"column":96},"end":{"line":31,"column":null}},"line":10},"1":{"name":"(anonymous_1)","decl":{"start":{"line":23,"column":20},"end":{"line":23,"column":33}},"loc":{"start":{"line":23,"column":60},"end":{"line":30,"column":3}},"line":23}},"branchMap":{"0":{"loc":{"start":{"line":4,"column":26},"end":{"line":4,"column":null}},"type":"binary-expr","locations":[{"start":{"line":4,"column":26},"end":{"line":4,"column":52}},{"start":{"line":4,"column":52},"end":{"line":4,"column":null}}],"line":4},"1":{"loc":{"start":{"line":13,"column":2},"end":{"line":16,"column":null}},"type":"if","locations":[{"start":{"line":13,"column":2},"end":{"line":16,"column":null}},{"start":{},"end":{}}],"line":13},"2":{"loc":{"start":{"line":15,"column":12},"end":{"line":15,"column":null}},"type":"binary-expr","locations":[{"start":{"line":15,"column":12},"end":{"line":15,"column":26}},{"start":{"line":15,"column":26},"end":{"line":15,"column":null}}],"line":15},"3":{"loc":{"start":{"line":18,"column":2},"end":{"line":21,"column":null}},"type":"if","locations":[{"start":{"line":18,"column":2},"end":{"line":21,"column":null}},{"start":{},"end":{}}],"line":18},"4":{"loc":{"start":{"line":24,"column":4},"end":{"line":27,"column":null}},"type":"if","locations":[{"start":{"line":24,"column":4},"end":{"line":27,"column":null}},{"start":{},"end":{}}],"line":24}},"s":{"0":2,"1":15,"2":15,"3":14,"4":14,"5":15,"6":5,"7":5,"8":10,"9":10,"10":2,"11":2,"12":8,"13":8},"f":{"0":15,"1":10},"b":{"0":[2,2],"1":[14,1],"2":[14,9],"3":[5,10],"4":[2,8]},"meta":{"lastBranch":5,"lastFunction":2,"lastStatement":14,"seen":{"s:4:26:4:Infinity":0,"b:4:26:4:52:4:52:4:Infinity":0,"f:10:16:10:34":0,"s:12:14:12:Infinity":1,"b:13:2:16:Infinity:undefined:undefined:undefined:undefined":1,"s:13:2:16:Infinity":2,"s:14:23:14:Infinity":3,"s:15:4:15:Infinity":4,"b:15:12:15:26:15:26:15:Infinity":2,"b:18:2:21:Infinity:undefined:undefined:undefined:undefined":3,"s:18:2:21:Infinity":5,"s:19:4:19:Infinity":6,"s:20:4:20:Infinity":7,"s:23:2:30:Infinity":8,"f:23:20:23:33":1,"b:24:4:27:Infinity:undefined:undefined:undefined:undefined":4,"s:24:4:27:Infinity":9,"s:25:6:25:Infinity":10,"s:26:6:26:Infinity":11,"s:28:4:28:Infinity":12,"s:29:4:29:Infinity":13},"fnNames":{}}}
,"D:\\new_era\\Hackthon\\footprint\\apps\\api\\src\\database.ts": {"path":"D:\\new_era\\Hackthon\\footprint\\apps\\api\\src\\database.ts","statementMap":{"0":{"start":{"line":4,"column":22},"end":{"line":4,"column":null}},"1":{"start":{"line":7,"column":2},"end":{"line":7,"column":null}},"2":{"start":{"line":8,"column":2},"end":{"line":14,"column":null}},"3":{"start":{"line":9,"column":4},"end":{"line":9,"column":null}},"4":{"start":{"line":10,"column":4},"end":{"line":10,"column":null}},"5":{"start":{"line":12,"column":4},"end":{"line":12,"column":null}},"6":{"start":{"line":13,"column":4},"end":{"line":13,"column":null}},"7":{"start":{"line":18,"column":26},"end":{"line":20,"column":null}},"8":{"start":{"line":21,"column":2},"end":{"line":56,"column":null}},"9":{"start":{"line":22,"column":23},"end":{"line":22,"column":null}},"10":{"start":{"line":23,"column":22},"end":{"line":23,"column":null}},"11":{"start":{"line":24,"column":26},"end":{"line":24,"column":null}},"12":{"start":{"line":26,"column":4},"end":{"line":55,"column":null}},"13":{"start":{"line":61,"column":28},"end":{"line":63,"column":null}},"14":{"start":{"line":64,"column":2},"end":{"line":64,"column":null}},"15":{"start":{"line":64,"column":25},"end":{"line":64,"column":null}},"16":{"start":{"line":66,"column":15},"end":{"line":68,"column":null}},"17":{"start":{"line":69,"column":2},"end":{"line":69,"column":null}},"18":{"start":{"line":69,"column":13},"end":{"line":69,"column":null}},"19":{"start":{"line":72,"column":23},"end":{"line":77,"column":null}},"20":{"start":{"line":79,"column":23},"end":{"line":79,"column":null}},"21":{"start":{"line":80,"column":2},"end":{"line":85,"column":null}},"22":{"start":{"line":81,"column":4},"end":{"line":84,"column":null}},"23":{"start":{"line":82,"column":6},"end":{"line":82,"column":null}},"24":{"start":{"line":83,"column":6},"end":{"line":83,"column":null}},"25":{"start":{"line":88,"column":2},"end":{"line":90,"column":null}},"26":{"start":{"line":89,"column":4},"end":{"line":89,"column":null}},"27":{"start":{"line":93,"column":2},"end":{"line":103,"column":null}},"28":{"start":{"line":106,"column":23},"end":{"line":108,"column":null}},"29":{"start":{"line":111,"column":2},"end":{"line":141,"column":null}},"30":{"start":{"line":112,"column":27},"end":{"line":112,"column":null}},"31":{"start":{"line":113,"column":22},"end":{"line":120,"column":null}},"32":{"start":{"line":122,"column":21},"end":{"line":122,"column":null}},"33":{"start":{"line":123,"column":4},"end":{"line":136,"column":null}},"34":{"start":{"line":123,"column":17},"end":{"line":123,"column":20}},"35":{"start":{"line":124,"column":25},"end":{"line":124,"column":null}},"36":{"start":{"line":125,"column":24},"end":{"line":125,"column":null}},"37":{"start":{"line":126,"column":20},"end":{"line":126,"column":null}},"38":{"start":{"line":127,"column":20},"end":{"line":127,"column":null}},"39":{"start":{"line":128,"column":6},"end":{"line":135,"column":null}},"40":{"start":{"line":138,"column":4},"end":{"line":140,"column":null}}},"fnMap":{"0":{"name":"initDatabase","decl":{"start":{"line":6,"column":22},"end":{"line":6,"column":37}},"loc":{"start":{"line":6,"column":37},"end":{"line":15,"column":null}},"line":6},"1":{"name":"seedUserChallenges","decl":{"start":{"line":17,"column":22},"end":{"line":17,"column":41}},"loc":{"start":{"line":17,"column":57},"end":{"line":57,"column":null}},"line":17},"2":{"name":"seedWeeklyLeague","decl":{"start":{"line":59,"column":22},"end":{"line":59,"column":39}},"loc":{"start":{"line":59,"column":55},"end":{"line":142,"column":null}},"line":59}},"branchMap":{"0":{"loc":{"start":{"line":21,"column":2},"end":{"line":56,"column":null}},"type":"if","locations":[{"start":{"line":21,"column":2},"end":{"line":56,"column":null}},{"start":{},"end":{}}],"line":21},"1":{"loc":{"start":{"line":64,"column":2},"end":{"line":64,"column":null}},"type":"if","locations":[{"start":{"line":64,"column":2},"end":{"line":64,"column":null}},{"start":{},"end":{}}],"line":64},"2":{"loc":{"start":{"line":69,"column":2},"end":{"line":69,"column":null}},"type":"if","locations":[{"start":{"line":69,"column":2},"end":{"line":69,"column":null}},{"start":{},"end":{}}],"line":69},"3":{"loc":{"start":{"line":81,"column":4},"end":{"line":84,"column":null}},"type":"if","locations":[{"start":{"line":81,"column":4},"end":{"line":84,"column":null}},{"start":{},"end":{}}],"line":81},"4":{"loc":{"start":{"line":88,"column":2},"end":{"line":90,"column":null}},"type":"if","locations":[{"start":{"line":88,"column":2},"end":{"line":90,"column":null}},{"start":{},"end":{}}],"line":88},"5":{"loc":{"start":{"line":111,"column":2},"end":{"line":141,"column":null}},"type":"if","locations":[{"start":{"line":111,"column":2},"end":{"line":141,"column":null}},{"start":{},"end":{}}],"line":111},"6":{"loc":{"start":{"line":125,"column":24},"end":{"line":125,"column":null}},"type":"cond-expr","locations":[{"start":{"line":125,"column":43},"end":{"line":125,"column":47}},{"start":{"line":125,"column":47},"end":{"line":125,"column":null}}],"line":125},"7":{"loc":{"start":{"line":125,"column":47},"end":{"line":125,"column":null}},"type":"cond-expr","locations":[{"start":{"line":125,"column":66},"end":{"line":125,"column":70}},{"start":{"line":125,"column":70},"end":{"line":125,"column":null}}],"line":125},"8":{"loc":{"start":{"line":125,"column":70},"end":{"line":125,"column":null}},"type":"cond-expr","locations":[{"start":{"line":125,"column":89},"end":{"line":125,"column":93}},{"start":{"line":125,"column":93},"end":{"line":125,"column":null}}],"line":125}},"s":{"0":0,"1":0,"2":0,"3":0,"4":0,"5":0,"6":0,"7":0,"8":0,"9":0,"10":0,"11":0,"12":0,"13":0,"14":0,"15":0,"16":0,"17":0,"18":0,"19":0,"20":0,"21":0,"22":0,"23":0,"24":0,"25":0,"26":0,"27":0,"28":0,"29":0,"30":0,"31":0,"32":0,"33":0,"34":0,"35":0,"36":0,"37":0,"38":0,"39":0,"40":0},"f":{"0":0,"1":0,"2":0},"b":{"0":[0,0],"1":[0,0],"2":[0,0],"3":[0,0],"4":[0,0],"5":[0,0],"6":[0,0],"7":[0,0],"8":[0,0]},"meta":{"lastBranch":9,"lastFunction":3,"lastStatement":41,"seen":{"s:4:22:4:Infinity":0,"f:6:22:6:37":0,"s:7:2:7:Infinity":1,"s:8:2:14:Infinity":2,"s:9:4:9:Infinity":3,"s:10:4:10:Infinity":4,"s:12:4:12:Infinity":5,"s:13:4:13:Infinity":6,"f:17:22:17:41":1,"s:18:26:20:Infinity":7,"b:21:2:56:Infinity:undefined:undefined:undefined:undefined":0,"s:21:2:56:Infinity":8,"s:22:23:22:Infinity":9,"s:23:22:23:Infinity":10,"s:24:26:24:Infinity":11,"s:26:4:55:Infinity":12,"f:59:22:59:39":2,"s:61:28:63:Infinity":13,"b:64:2:64:Infinity:undefined:undefined:undefined:undefined":1,"s:64:2:64:Infinity":14,"s:64:25:64:Infinity":15,"s:66:15:68:Infinity":16,"b:69:2:69:Infinity:undefined:undefined:undefined:undefined":2,"s:69:2:69:Infinity":17,"s:69:13:69:Infinity":18,"s:72:23:77:Infinity":19,"s:79:23:79:Infinity":20,"s:80:2:85:Infinity":21,"b:81:4:84:Infinity:undefined:undefined:undefined:undefined":3,"s:81:4:84:Infinity":22,"s:82:6:82:Infinity":23,"s:83:6:83:Infinity":24,"b:88:2:90:Infinity:undefined:undefined:undefined:undefined":4,"s:88:2:90:Infinity":25,"s:89:4:89:Infinity":26,"s:93:2:103:Infinity":27,"s:106:23:108:Infinity":28,"b:111:2:141:Infinity:undefined:undefined:undefined:undefined":5,"s:111:2:141:Infinity":29,"s:112:27:112:Infinity":30,"s:113:22:120:Infinity":31,"s:122:21:122:Infinity":32,"s:123:4:136:Infinity":33,"s:123:17:123:20":34,"s:124:25:124:Infinity":35,"s:125:24:125:Infinity":36,"b:125:43:125:47:125:47:125:Infinity":6,"b:125:66:125:70:125:70:125:Infinity":7,"b:125:89:125:93:125:93:125:Infinity":8,"s:126:20:126:Infinity":37,"s:127:20:127:Infinity":38,"s:128:6:135:Infinity":39,"s:138:4:140:Infinity":40},"fnNames":{}}}
,"D:\\new_era\\Hackthon\\footprint\\apps\\api\\src\\gcp.ts": {"path":"D:\\new_era\\Hackthon\\footprint\\apps\\api\\src\\gcp.ts","statementMap":{"0":{"start":{"line":7,"column":19},"end":{"line":7,"column":null}},"1":{"start":{"line":8,"column":19},"end":{"line":8,"column":null}},"2":{"start":{"line":9,"column":26},"end":{"line":9,"column":null}},"3":{"start":{"line":12,"column":55},"end":{"line":12,"column":null}},"4":{"start":{"line":13,"column":28},"end":{"line":13,"column":null}},"5":{"start":{"line":16,"column":26},"end":{"line":16,"column":null}},"6":{"start":{"line":17,"column":23},"end":{"line":17,"column":null}},"7":{"start":{"line":19,"column":0},"end":{"line":31,"column":null}},"8":{"start":{"line":21,"column":2},"end":{"line":28,"column":null}},"9":{"start":{"line":22,"column":4},"end":{"line":22,"column":null}},"10":{"start":{"line":23,"column":4},"end":{"line":23,"column":null}},"11":{"start":{"line":24,"column":4},"end":{"line":24,"column":null}},"12":{"start":{"line":25,"column":4},"end":{"line":25,"column":null}},"13":{"start":{"line":27,"column":4},"end":{"line":27,"column":null}},"14":{"start":{"line":30,"column":2},"end":{"line":30,"column":null}},"15":{"start":{"line":38,"column":2},"end":{"line":48,"column":null}},"16":{"start":{"line":39,"column":4},"end":{"line":47,"column":null}},"17":{"start":{"line":40,"column":24},"end":{"line":42,"column":null}},"18":{"start":{"line":43,"column":22},"end":{"line":43,"column":null}},"19":{"start":{"line":44,"column":6},"end":{"line":44,"column":null}},"20":{"start":{"line":44,"column":19},"end":{"line":44,"column":null}},"21":{"start":{"line":46,"column":6},"end":{"line":46,"column":null}},"22":{"start":{"line":49,"column":2},"end":{"line":49,"column":null}},"23":{"start":{"line":56,"column":2},"end":{"line":66,"column":null}},"24":{"start":{"line":57,"column":4},"end":{"line":65,"column":null}},"25":{"start":{"line":58,"column":25},"end":{"line":58,"column":null}},"26":{"start":{"line":59,"column":20},"end":{"line":59,"column":null}},"27":{"start":{"line":60,"column":24},"end":{"line":60,"column":null}},"28":{"start":{"line":61,"column":6},"end":{"line":61,"column":null}},"29":{"start":{"line":62,"column":6},"end":{"line":62,"column":null}},"30":{"start":{"line":64,"column":6},"end":{"line":64,"column":null}},"31":{"start":{"line":69,"column":2},"end":{"line":69,"column":null}},"32":{"start":{"line":70,"column":2},"end":{"line":70,"column":null}},"33":{"start":{"line":79,"column":2},"end":{"line":112,"column":null}},"34":{"start":{"line":80,"column":4},"end":{"line":111,"column":null}},"35":{"start":{"line":81,"column":27},"end":{"line":81,"column":null}},"36":{"start":{"line":84,"column":23},"end":{"line":84,"column":null}},"37":{"start":{"line":85,"column":6},"end":{"line":93,"column":null}},"38":{"start":{"line":86,"column":8},"end":{"line":86,"column":null}},"39":{"start":{"line":87,"column":22},"end":{"line":87,"column":null}},"40":{"start":{"line":88,"column":30},"end":{"line":88,"column":null}},"41":{"start":{"line":89,"column":8},"end":{"line":91,"column":null}},"42":{"start":{"line":90,"column":10},"end":{"line":90,"column":null}},"43":{"start":{"line":92,"column":8},"end":{"line":92,"column":null}},"44":{"start":{"line":95,"column":6},"end":{"line":105,"column":null}},"45":{"start":{"line":96,"column":8},"end":{"line":104,"column":null}},"46":{"start":{"line":97,"column":10},"end":{"line":97,"column":null}},"47":{"start":{"line":98,"column":52},"end":{"line":98,"column":null}},"48":{"start":{"line":99,"column":10},"end":{"line":99,"column":null}},"49":{"start":{"line":100,"column":10},"end":{"line":100,"column":null}},"50":{"start":{"line":102,"column":10},"end":{"line":102,"column":null}},"51":{"start":{"line":103,"column":10},"end":{"line":103,"column":null}},"52":{"start":{"line":107,"column":6},"end":{"line":107,"column":null}},"53":{"start":{"line":108,"column":6},"end":{"line":108,"column":null}},"54":{"start":{"line":110,"column":6},"end":{"line":110,"column":null}},"55":{"start":{"line":115,"column":2},"end":{"line":122,"column":null}},"56":{"start":{"line":116,"column":4},"end":{"line":121,"column":null}},"57":{"start":{"line":117,"column":6},"end":{"line":117,"column":null}},"58":{"start":{"line":118,"column":6},"end":{"line":118,"column":null}},"59":{"start":{"line":120,"column":6},"end":{"line":120,"column":null}},"60":{"start":{"line":124,"column":2},"end":{"line":124,"column":null}}},"fnMap":{"0":{"name":"getSecret","decl":{"start":{"line":37,"column":22},"end":{"line":37,"column":32}},"loc":{"start":{"line":37,"column":69},"end":{"line":50,"column":null}},"line":37},"1":{"name":"publishCarbonEvent","decl":{"start":{"line":55,"column":22},"end":{"line":55,"column":41}},"loc":{"start":{"line":55,"column":91},"end":{"line":71,"column":null}},"line":55},"2":{"name":"startPubSubSubscriber","decl":{"start":{"line":76,"column":22},"end":{"line":76,"column":null}},"loc":{"start":{"line":78,"column":17},"end":{"line":125,"column":null}},"line":78},"3":{"name":"(anonymous_3)","decl":{"start":{"line":95,"column":33},"end":{"line":95,"column":40}},"loc":{"start":{"line":95,"column":57},"end":{"line":105,"column":7}},"line":95},"4":{"name":"(anonymous_4)","decl":{"start":{"line":115,"column":39},"end":{"line":115,"column":46}},"loc":{"start":{"line":115,"column":84},"end":{"line":122,"column":3}},"line":115}},"branchMap":{"0":{"loc":{"start":{"line":7,"column":19},"end":{"line":7,"column":null}},"type":"binary-expr","locations":[{"start":{"line":7,"column":19},"end":{"line":7,"column":55}},{"start":{"line":7,"column":55},"end":{"line":7,"column":null}}],"line":7},"1":{"loc":{"start":{"line":8,"column":19},"end":{"line":8,"column":null}},"type":"binary-expr","locations":[{"start":{"line":8,"column":19},"end":{"line":8,"column":47}},{"start":{"line":8,"column":47},"end":{"line":8,"column":null}}],"line":8},"2":{"loc":{"start":{"line":9,"column":26},"end":{"line":9,"column":null}},"type":"binary-expr","locations":[{"start":{"line":9,"column":26},"end":{"line":9,"column":61}},{"start":{"line":9,"column":61},"end":{"line":9,"column":null}}],"line":9},"3":{"loc":{"start":{"line":21,"column":2},"end":{"line":28,"column":null}},"type":"if","locations":[{"start":{"line":21,"column":2},"end":{"line":28,"column":null}},{"start":{"line":26,"column":9},"end":{"line":28,"column":null}}],"line":21},"4":{"loc":{"start":{"line":21,"column":6},"end":{"line":21,"column":75}},"type":"binary-expr","locations":[{"start":{"line":21,"column":6},"end":{"line":21,"column":52}},{"start":{"line":21,"column":52},"end":{"line":21,"column":75}}],"line":21},"5":{"loc":{"start":{"line":38,"column":2},"end":{"line":48,"column":null}},"type":"if","locations":[{"start":{"line":38,"column":2},"end":{"line":48,"column":null}},{"start":{},"end":{}}],"line":38},"6":{"loc":{"start":{"line":44,"column":6},"end":{"line":44,"column":null}},"type":"if","locations":[{"start":{"line":44,"column":6},"end":{"line":44,"column":null}},{"start":{},"end":{}}],"line":44},"7":{"loc":{"start":{"line":49,"column":9},"end":{"line":49,"column":null}},"type":"binary-expr","locations":[{"start":{"line":49,"column":9},"end":{"line":49,"column":36}},{"start":{"line":49,"column":36},"end":{"line":49,"column":null}}],"line":49},"8":{"loc":{"start":{"line":56,"column":2},"end":{"line":66,"column":null}},"type":"if","locations":[{"start":{"line":56,"column":2},"end":{"line":66,"column":null}},{"start":{},"end":{}}],"line":56},"9":{"loc":{"start":{"line":56,"column":6},"end":{"line":56,"column":34}},"type":"binary-expr","locations":[{"start":{"line":56,"column":6},"end":{"line":56,"column":26}},{"start":{"line":56,"column":26},"end":{"line":56,"column":34}}],"line":56},"10":{"loc":{"start":{"line":79,"column":2},"end":{"line":112,"column":null}},"type":"if","locations":[{"start":{"line":79,"column":2},"end":{"line":112,"column":null}},{"start":{},"end":{}}],"line":79},"11":{"loc":{"start":{"line":79,"column":6},"end":{"line":79,"column":34}},"type":"binary-expr","locations":[{"start":{"line":79,"column":6},"end":{"line":79,"column":26}},{"start":{"line":79,"column":26},"end":{"line":79,"column":34}}],"line":79},"12":{"loc":{"start":{"line":85,"column":6},"end":{"line":93,"column":null}},"type":"if","locations":[{"start":{"line":85,"column":6},"end":{"line":93,"column":null}},{"start":{},"end":{}}],"line":85},"13":{"loc":{"start":{"line":89,"column":8},"end":{"line":91,"column":null}},"type":"if","locations":[{"start":{"line":89,"column":8},"end":{"line":91,"column":null}},{"start":{},"end":{}}],"line":89}},"s":{"0":0,"1":0,"2":0,"3":0,"4":0,"5":0,"6":0,"7":0,"8":0,"9":0,"10":0,"11":0,"12":0,"13":0,"14":0,"15":0,"16":0,"17":0,"18":0,"19":0,"20":0,"21":0,"22":0,"23":0,"24":0,"25":0,"26":0,"27":0,"28":0,"29":0,"30":0,"31":0,"32":0,"33":0,"34":0,"35":0,"36":0,"37":0,"38":0,"39":0,"40":0,"41":0,"42":0,"43":0,"44":0,"45":0,"46":0,"47":0,"48":0,"49":0,"50":0,"51":0,"52":0,"53":0,"54":0,"55":0,"56":0,"57":0,"58":0,"59":0,"60":0},"f":{"0":0,"1":0,"2":0,"3":0,"4":0},"b":{"0":[0,0],"1":[0,0],"2":[0,0],"3":[0,0],"4":[0,0],"5":[0,0],"6":[0,0],"7":[0,0],"8":[0,0],"9":[0,0],"10":[0,0],"11":[0,0],"12":[0,0],"13":[0,0]},"meta":{"lastBranch":14,"lastFunction":5,"lastStatement":61,"seen":{"s:7:19:7:Infinity":0,"b:7:19:7:55:7:55:7:Infinity":0,"s:8:19:8:Infinity":1,"b:8:19:8:47:8:47:8:Infinity":1,"s:9:26:9:Infinity":2,"b:9:26:9:61:9:61:9:Infinity":2,"s:12:55:12:Infinity":3,"s:13:28:13:Infinity":4,"s:16:26:16:Infinity":5,"s:17:23:17:Infinity":6,"s:19:0:31:Infinity":7,"b:21:2:28:Infinity:26:9:28:Infinity":3,"s:21:2:28:Infinity":8,"b:21:6:21:52:21:52:21:75":4,"s:22:4:22:Infinity":9,"s:23:4:23:Infinity":10,"s:24:4:24:Infinity":11,"s:25:4:25:Infinity":12,"s:27:4:27:Infinity":13,"s:30:2:30:Infinity":14,"f:37:22:37:32":0,"b:38:2:48:Infinity:undefined:undefined:undefined:undefined":5,"s:38:2:48:Infinity":15,"s:39:4:47:Infinity":16,"s:40:24:42:Infinity":17,"s:43:22:43:Infinity":18,"b:44:6:44:Infinity:undefined:undefined:undefined:undefined":6,"s:44:6:44:Infinity":19,"s:44:19:44:Infinity":20,"s:46:6:46:Infinity":21,"s:49:2:49:Infinity":22,"b:49:9:49:36:49:36:49:Infinity":7,"f:55:22:55:41":1,"b:56:2:66:Infinity:undefined:undefined:undefined:undefined":8,"s:56:2:66:Infinity":23,"b:56:6:56:26:56:26:56:34":9,"s:57:4:65:Infinity":24,"s:58:25:58:Infinity":25,"s:59:20:59:Infinity":26,"s:60:24:60:Infinity":27,"s:61:6:61:Infinity":28,"s:62:6:62:Infinity":29,"s:64:6:64:Infinity":30,"s:69:2:69:Infinity":31,"s:70:2:70:Infinity":32,"f:76:22:76:Infinity":2,"b:79:2:112:Infinity:undefined:undefined:undefined:undefined":10,"s:79:2:112:Infinity":33,"b:79:6:79:26:79:26:79:34":11,"s:80:4:111:Infinity":34,"s:81:27:81:Infinity":35,"s:84:23:84:Infinity":36,"b:85:6:93:Infinity:undefined:undefined:undefined:undefined":12,"s:85:6:93:Infinity":37,"s:86:8:86:Infinity":38,"s:87:22:87:Infinity":39,"s:88:30:88:Infinity":40,"b:89:8:91:Infinity:undefined:undefined:undefined:undefined":13,"s:89:8:91:Infinity":41,"s:90:10:90:Infinity":42,"s:92:8:92:Infinity":43,"s:95:6:105:Infinity":44,"f:95:33:95:40":3,"s:96:8:104:Infinity":45,"s:97:10:97:Infinity":46,"s:98:52:98:Infinity":47,"s:99:10:99:Infinity":48,"s:100:10:100:Infinity":49,"s:102:10:102:Infinity":50,"s:103:10:103:Infinity":51,"s:107:6:107:Infinity":52,"s:108:6:108:Infinity":53,"s:110:6:110:Infinity":54,"s:115:2:122:Infinity":55,"f:115:39:115:46":4,"s:116:4:121:Infinity":56,"s:117:6:117:Infinity":57,"s:118:6:118:Infinity":58,"s:120:6:120:Infinity":59,"s:124:2:124:Infinity":60},"fnNames":{}}}
,"D:\\new_era\\Hackthon\\footprint\\apps\\api\\src\\utils.ts": {"path":"D:\\new_era\\Hackthon\\footprint\\apps\\api\\src\\utils.ts","statementMap":{"0":{"start":{"line":2,"column":2},"end":{"line":2,"column":null}},"1":{"start":{"line":2,"column":20},"end":{"line":2,"column":null}},"2":{"start":{"line":3,"column":2},"end":{"line":3,"column":null}},"3":{"start":{"line":3,"column":20},"end":{"line":3,"column":null}},"4":{"start":{"line":4,"column":2},"end":{"line":4,"column":null}},"5":{"start":{"line":4,"column":20},"end":{"line":4,"column":null}},"6":{"start":{"line":5,"column":2},"end":{"line":5,"column":null}},"7":{"start":{"line":5,"column":21},"end":{"line":5,"column":null}},"8":{"start":{"line":6,"column":2},"end":{"line":6,"column":null}}},"fnMap":{"0":{"name":"calculateLevel","decl":{"start":{"line":1,"column":16},"end":{"line":1,"column":31}},"loc":{"start":{"line":1,"column":55},"end":{"line":7,"column":null}},"line":1}},"branchMap":{"0":{"loc":{"start":{"line":2,"column":2},"end":{"line":2,"column":null}},"type":"if","locations":[{"start":{"line":2,"column":2},"end":{"line":2,"column":null}},{"start":{},"end":{}}],"line":2},"1":{"loc":{"start":{"line":3,"column":2},"end":{"line":3,"column":null}},"type":"if","locations":[{"start":{"line":3,"column":2},"end":{"line":3,"column":null}},{"start":{},"end":{}}],"line":3},"2":{"loc":{"start":{"line":4,"column":2},"end":{"line":4,"column":null}},"type":"if","locations":[{"start":{"line":4,"column":2},"end":{"line":4,"column":null}},{"start":{},"end":{}}],"line":4},"3":{"loc":{"start":{"line":5,"column":2},"end":{"line":5,"column":null}},"type":"if","locations":[{"start":{"line":5,"column":2},"end":{"line":5,"column":null}},{"start":{},"end":{}}],"line":5}},"s":{"0":0,"1":0,"2":0,"3":0,"4":0,"5":0,"6":0,"7":0,"8":0},"f":{"0":0},"b":{"0":[0,0],"1":[0,0],"2":[0,0],"3":[0,0]},"meta":{"lastBranch":4,"lastFunction":1,"lastStatement":9,"seen":{"f:1:16:1:31":0,"b:2:2:2:Infinity:undefined:undefined:undefined:undefined":0,"s:2:2:2:Infinity":0,"s:2:20:2:Infinity":1,"b:3:2:3:Infinity:undefined:undefined:undefined:undefined":1,"s:3:2:3:Infinity":2,"s:3:20:3:Infinity":3,"b:4:2:4:Infinity:undefined:undefined:undefined:undefined":2,"s:4:2:4:Infinity":4,"s:4:20:4:Infinity":5,"b:5:2:5:Infinity:undefined:undefined:undefined:undefined":3,"s:5:2:5:Infinity":6,"s:5:21:5:Infinity":7,"s:6:2:6:Infinity":8},"fnNames":{}}}
,"D:\\new_era\\Hackthon\\footprint\\apps\\api\\src\\validation.ts": {"path":"D:\\new_era\\Hackthon\\footprint\\apps\\api\\src\\validation.ts","statementMap":{"0":{"start":{"line":5,"column":2},"end":{"line":22,"column":null}},"1":{"start":{"line":6,"column":4},"end":{"line":21,"column":null}},"2":{"start":{"line":7,"column":6},"end":{"line":7,"column":null}},"3":{"start":{"line":8,"column":6},"end":{"line":8,"column":null}},"4":{"start":{"line":10,"column":6},"end":{"line":19,"column":null}},"5":{"start":{"line":11,"column":8},"end":{"line":17,"column":null}},"6":{"start":{"line":13,"column":60},"end":{"line":16,"column":12}},"7":{"start":{"line":18,"column":8},"end":{"line":18,"column":null}},"8":{"start":{"line":20,"column":6},"end":{"line":20,"column":null}},"9":{"start":{"line":25,"column":34},"end":{"line":33,"column":null}},"10":{"start":{"line":35,"column":32},"end":{"line":43,"column":null}},"11":{"start":{"line":45,"column":33},"end":{"line":54,"column":null}},"12":{"start":{"line":56,"column":39},"end":{"line":60,"column":null}},"13":{"start":{"line":62,"column":35},"end":{"line":66,"column":null}},"14":{"start":{"line":68,"column":37},"end":{"line":70,"column":null}}},"fnMap":{"0":{"name":"validate","decl":{"start":{"line":4,"column":16},"end":{"line":4,"column":25}},"loc":{"start":{"line":4,"column":51},"end":{"line":23,"column":null}},"line":4},"1":{"name":"(anonymous_1)","decl":{"start":{"line":5,"column":9},"end":{"line":5,"column":16}},"loc":{"start":{"line":5,"column":83},"end":{"line":22,"column":null}},"line":5},"2":{"name":"(anonymous_2)","decl":{"start":{"line":13,"column":32},"end":{"line":13,"column":37}},"loc":{"start":{"line":13,"column":60},"end":{"line":16,"column":12}},"line":13}},"branchMap":{"0":{"loc":{"start":{"line":10,"column":6},"end":{"line":19,"column":null}},"type":"if","locations":[{"start":{"line":10,"column":6},"end":{"line":19,"column":null}},{"start":{},"end":{}}],"line":10}},"s":{"0":9,"1":10,"2":10,"3":2,"4":8,"5":8,"6":8,"7":8,"8":0,"9":2,"10":2,"11":2,"12":2,"13":2,"14":2},"f":{"0":9,"1":10,"2":8},"b":{"0":[8,0]},"meta":{"lastBranch":1,"lastFunction":3,"lastStatement":15,"seen":{"f:4:16:4:25":0,"s:5:2:22:Infinity":0,"f:5:9:5:16":1,"s:6:4:21:Infinity":1,"s:7:6:7:Infinity":2,"s:8:6:8:Infinity":3,"b:10:6:19:Infinity:undefined:undefined:undefined:undefined":0,"s:10:6:19:Infinity":4,"s:11:8:17:Infinity":5,"f:13:32:13:37":2,"s:13:60:16:12":6,"s:18:8:18:Infinity":7,"s:20:6:20:Infinity":8,"s:25:34:33:Infinity":9,"s:35:32:43:Infinity":10,"s:45:33:54:Infinity":11,"s:56:39:60:Infinity":12,"s:62:35:66:Infinity":13,"s:68:37:70:Infinity":14},"fnNames":{}}}
,"D:\\new_era\\Hackthon\\footprint\\apps\\api\\src\\controllers\\challengeController.ts": {"path":"D:\\new_era\\Hackthon\\footprint\\apps\\api\\src\\controllers\\challengeController.ts","statementMap":{"0":{"start":{"line":9,"column":2},"end":{"line":37,"column":null}},"1":{"start":{"line":10,"column":4},"end":{"line":13,"column":null}},"2":{"start":{"line":11,"column":6},"end":{"line":11,"column":null}},"3":{"start":{"line":12,"column":6},"end":{"line":12,"column":null}},"4":{"start":{"line":16,"column":4},"end":{"line":16,"column":null}},"5":{"start":{"line":18,"column":17},"end":{"line":18,"column":null}},"6":{"start":{"line":19,"column":36},"end":{"line":32,"column":null}},"7":{"start":{"line":19,"column":51},"end":{"line":32,"column":6}},"8":{"start":{"line":34,"column":4},"end":{"line":34,"column":null}},"9":{"start":{"line":36,"column":4},"end":{"line":36,"column":null}},"10":{"start":{"line":42,"column":2},"end":{"line":140,"column":null}},"11":{"start":{"line":43,"column":51},"end":{"line":43,"column":null}},"12":{"start":{"line":44,"column":19},"end":{"line":44,"column":null}},"13":{"start":{"line":46,"column":4},"end":{"line":49,"column":null}},"14":{"start":{"line":47,"column":6},"end":{"line":47,"column":null}},"15":{"start":{"line":48,"column":6},"end":{"line":48,"column":null}},"16":{"start":{"line":51,"column":14},"end":{"line":51,"column":null}},"17":{"start":{"line":52,"column":4},"end":{"line":55,"column":null}},"18":{"start":{"line":53,"column":6},"end":{"line":53,"column":null}},"19":{"start":{"line":54,"column":6},"end":{"line":54,"column":null}},"20":{"start":{"line":57,"column":25},"end":{"line":57,"column":null}},"21":{"start":{"line":58,"column":4},"end":{"line":58,"column":null}},"22":{"start":{"line":61,"column":24},"end":{"line":61,"column":null}},"23":{"start":{"line":62,"column":4},"end":{"line":65,"column":null}},"24":{"start":{"line":63,"column":6},"end":{"line":64,"column":null}},"25":{"start":{"line":63,"column":15},"end":{"line":63,"column":null}},"26":{"start":{"line":64,"column":11},"end":{"line":64,"column":null}},"27":{"start":{"line":68,"column":24},"end":{"line":68,"column":null}},"28":{"start":{"line":69,"column":24},"end":{"line":69,"column":null}},"29":{"start":{"line":70,"column":24},"end":{"line":70,"column":null}},"30":{"start":{"line":72,"column":4},"end":{"line":89,"column":null}},"31":{"start":{"line":73,"column":6},"end":{"line":73,"column":null}},"32":{"start":{"line":74,"column":6},"end":{"line":74,"column":null}},"33":{"start":{"line":76,"column":19},"end":{"line":76,"column":null}},"34":{"start":{"line":77,"column":6},"end":{"line":88,"column":null}},"35":{"start":{"line":78,"column":26},"end":{"line":78,"column":null}},"36":{"start":{"line":79,"column":14},"end":{"line":79,"column":null}},"37":{"start":{"line":80,"column":8},"end":{"line":83,"column":null}},"38":{"start":{"line":84,"column":8},"end":{"line":87,"column":null}},"39":{"start":{"line":91,"column":4},"end":{"line":99,"column":null}},"40":{"start":{"line":101,"column":23},"end":{"line":101,"column":null}},"41":{"start":{"line":102,"column":4},"end":{"line":105,"column":null}},"42":{"start":{"line":103,"column":6},"end":{"line":103,"column":null}},"43":{"start":{"line":104,"column":6},"end":{"line":104,"column":null}},"44":{"start":{"line":107,"column":40},"end":{"line":120,"column":null}},"45":{"start":{"line":122,"column":17},"end":{"line":122,"column":null}},"46":{"start":{"line":123,"column":24},"end":{"line":130,"column":null}},"47":{"start":{"line":132,"column":4},"end":{"line":137,"column":null}},"48":{"start":{"line":139,"column":4},"end":{"line":139,"column":null}}},"fnMap":{"0":{"name":"getChallenges","decl":{"start":{"line":8,"column":22},"end":{"line":8,"column":36}},"loc":{"start":{"line":8,"column":93},"end":{"line":38,"column":null}},"line":8},"1":{"name":"(anonymous_1)","decl":{"start":{"line":19,"column":41},"end":{"line":19,"column":45}},"loc":{"start":{"line":19,"column":51},"end":{"line":32,"column":6}},"line":19},"2":{"name":"updateChallengeProgress","decl":{"start":{"line":41,"column":22},"end":{"line":41,"column":46}},"loc":{"start":{"line":41,"column":103},"end":{"line":141,"column":null}},"line":41}},"branchMap":{"0":{"loc":{"start":{"line":10,"column":4},"end":{"line":13,"column":null}},"type":"if","locations":[{"start":{"line":10,"column":4},"end":{"line":13,"column":null}},{"start":{},"end":{}}],"line":10},"1":{"loc":{"start":{"line":46,"column":4},"end":{"line":49,"column":null}},"type":"if","locations":[{"start":{"line":46,"column":4},"end":{"line":49,"column":null}},{"start":{},"end":{}}],"line":46},"2":{"loc":{"start":{"line":46,"column":8},"end":{"line":46,"column":50}},"type":"binary-expr","locations":[{"start":{"line":46,"column":8},"end":{"line":46,"column":26}},{"start":{"line":46,"column":26},"end":{"line":46,"column":50}}],"line":46},"3":{"loc":{"start":{"line":52,"column":4},"end":{"line":55,"column":null}},"type":"if","locations":[{"start":{"line":52,"column":4},"end":{"line":55,"column":null}},{"start":{},"end":{}}],"line":52},"4":{"loc":{"start":{"line":63,"column":6},"end":{"line":64,"column":null}},"type":"if","locations":[{"start":{"line":63,"column":6},"end":{"line":64,"column":null}},{"start":{"line":64,"column":11},"end":{"line":64,"column":null}}],"line":63},"5":{"loc":{"start":{"line":72,"column":4},"end":{"line":89,"column":null}},"type":"if","locations":[{"start":{"line":72,"column":4},"end":{"line":89,"column":null}},{"start":{},"end":{}}],"line":72},"6":{"loc":{"start":{"line":72,"column":8},"end":{"line":72,"column":46}},"type":"binary-expr","locations":[{"start":{"line":72,"column":8},"end":{"line":72,"column":23}},{"start":{"line":72,"column":23},"end":{"line":72,"column":46}}],"line":72},"7":{"loc":{"start":{"line":77,"column":6},"end":{"line":88,"column":null}},"type":"if","locations":[{"start":{"line":77,"column":6},"end":{"line":88,"column":null}},{"start":{},"end":{}}],"line":77},"8":{"loc":{"start":{"line":96,"column":19},"end":{"line":96,"column":null}},"type":"cond-expr","locations":[{"start":{"line":96,"column":33},"end":{"line":96,"column":37}},{"start":{"line":96,"column":37},"end":{"line":96,"column":null}}],"line":96},"9":{"loc":{"start":{"line":97,"column":24},"end":{"line":97,"column":null}},"type":"cond-expr","locations":[{"start":{"line":97,"column":64},"end":{"line":97,"column":68}},{"start":{"line":97,"column":68},"end":{"line":97,"column":null}}],"line":97},"10":{"loc":{"start":{"line":97,"column":24},"end":{"line":97,"column":64}},"type":"binary-expr","locations":[{"start":{"line":97,"column":24},"end":{"line":97,"column":39}},{"start":{"line":97,"column":39},"end":{"line":97,"column":64}}],"line":97},"11":{"loc":{"start":{"line":102,"column":4},"end":{"line":105,"column":null}},"type":"if","locations":[{"start":{"line":102,"column":4},"end":{"line":105,"column":null}},{"start":{},"end":{}}],"line":102},"12":{"loc":{"start":{"line":123,"column":24},"end":{"line":130,"column":null}},"type":"cond-expr","locations":[{"start":{"line":123,"column":31},"end":{"line":130,"column":8}},{"start":{"line":130,"column":8},"end":{"line":130,"column":null}}],"line":123}},"s":{"0":0,"1":0,"2":0,"3":0,"4":0,"5":0,"6":0,"7":0,"8":0,"9":0,"10":0,"11":0,"12":0,"13":0,"14":0,"15":0,"16":0,"17":0,"18":0,"19":0,"20":0,"21":0,"22":0,"23":0,"24":0,"25":0,"26":0,"27":0,"28":0,"29":0,"30":0,"31":0,"32":0,"33":0,"34":0,"35":0,"36":0,"37":0,"38":0,"39":0,"40":0,"41":0,"42":0,"43":0,"44":0,"45":0,"46":0,"47":0,"48":0},"f":{"0":0,"1":0,"2":0},"b":{"0":[0,0],"1":[0,0],"2":[0,0],"3":[0,0],"4":[0,0],"5":[0,0],"6":[0,0],"7":[0,0],"8":[0,0],"9":[0,0],"10":[0,0],"11":[0,0],"12":[0,0]},"meta":{"lastBranch":13,"lastFunction":3,"lastStatement":49,"seen":{"f:8:22:8:36":0,"s:9:2:37:Infinity":0,"b:10:4:13:Infinity:undefined:undefined:undefined:undefined":0,"s:10:4:13:Infinity":1,"s:11:6:11:Infinity":2,"s:12:6:12:Infinity":3,"s:16:4:16:Infinity":4,"s:18:17:18:Infinity":5,"s:19:36:32:Infinity":6,"f:19:41:19:45":1,"s:19:51:32:6":7,"s:34:4:34:Infinity":8,"s:36:4:36:Infinity":9,"f:41:22:41:46":2,"s:42:2:140:Infinity":10,"s:43:51:43:Infinity":11,"s:44:19:44:Infinity":12,"b:46:4:49:Infinity:undefined:undefined:undefined:undefined":1,"s:46:4:49:Infinity":13,"b:46:8:46:26:46:26:46:50":2,"s:47:6:47:Infinity":14,"s:48:6:48:Infinity":15,"s:51:14:51:Infinity":16,"b:52:4:55:Infinity:undefined:undefined:undefined:undefined":3,"s:52:4:55:Infinity":17,"s:53:6:53:Infinity":18,"s:54:6:54:Infinity":19,"s:57:25:57:Infinity":20,"s:58:4:58:Infinity":21,"s:61:24:61:Infinity":22,"s:62:4:65:Infinity":23,"b:63:6:64:Infinity:64:11:64:Infinity":4,"s:63:6:64:Infinity":24,"s:63:15:63:Infinity":25,"s:64:11:64:Infinity":26,"s:68:24:68:Infinity":27,"s:69:24:69:Infinity":28,"s:70:24:70:Infinity":29,"b:72:4:89:Infinity:undefined:undefined:undefined:undefined":5,"s:72:4:89:Infinity":30,"b:72:8:72:23:72:23:72:46":6,"s:73:6:73:Infinity":31,"s:74:6:74:Infinity":32,"s:76:19:76:Infinity":33,"b:77:6:88:Infinity:undefined:undefined:undefined:undefined":7,"s:77:6:88:Infinity":34,"s:78:26:78:Infinity":35,"s:79:14:79:Infinity":36,"s:80:8:83:Infinity":37,"s:84:8:87:Infinity":38,"s:91:4:99:Infinity":39,"b:96:33:96:37:96:37:96:Infinity":8,"b:97:64:97:68:97:68:97:Infinity":9,"b:97:24:97:39:97:39:97:64":10,"s:101:23:101:Infinity":40,"b:102:4:105:Infinity:undefined:undefined:undefined:undefined":11,"s:102:4:105:Infinity":41,"s:103:6:103:Infinity":42,"s:104:6:104:Infinity":43,"s:107:40:120:Infinity":44,"s:122:17:122:Infinity":45,"s:123:24:130:Infinity":46,"b:123:31:130:8:130:8:130:Infinity":12,"s:132:4:137:Infinity":47,"s:139:4:139:Infinity":48},"fnNames":{}}}
,"D:\\new_era\\Hackthon\\footprint\\apps\\api\\src\\controllers\\eventController.ts": {"path":"D:\\new_era\\Hackthon\\footprint\\apps\\api\\src\\controllers\\eventController.ts","statementMap":{"0":{"start":{"line":17,"column":2},"end":{"line":40,"column":null}},"1":{"start":{"line":18,"column":4},"end":{"line":21,"column":null}},"2":{"start":{"line":19,"column":6},"end":{"line":19,"column":null}},"3":{"start":{"line":20,"column":6},"end":{"line":20,"column":null}},"4":{"start":{"line":23,"column":19},"end":{"line":26,"column":null}},"5":{"start":{"line":27,"column":4},"end":{"line":37,"column":null}},"6":{"start":{"line":27,"column":30},"end":{"line":37,"column":6}},"7":{"start":{"line":39,"column":4},"end":{"line":39,"column":null}},"8":{"start":{"line":45,"column":2},"end":{"line":146,"column":null}},"9":{"start":{"line":46,"column":20},"end":{"line":46,"column":null}},"10":{"start":{"line":47,"column":19},"end":{"line":47,"column":null}},"11":{"start":{"line":50,"column":18},"end":{"line":52,"column":null}},"12":{"start":{"line":54,"column":4},"end":{"line":57,"column":null}},"13":{"start":{"line":55,"column":6},"end":{"line":55,"column":null}},"14":{"start":{"line":56,"column":6},"end":{"line":56,"column":null}},"15":{"start":{"line":59,"column":4},"end":{"line":62,"column":null}},"16":{"start":{"line":60,"column":6},"end":{"line":60,"column":null}},"17":{"start":{"line":61,"column":6},"end":{"line":61,"column":null}},"18":{"start":{"line":65,"column":25},"end":{"line":65,"column":null}},"19":{"start":{"line":66,"column":21},"end":{"line":66,"column":null}},"20":{"start":{"line":67,"column":21},"end":{"line":67,"column":null}},"21":{"start":{"line":68,"column":27},"end":{"line":68,"column":null}},"22":{"start":{"line":69,"column":23},"end":{"line":69,"column":null}},"23":{"start":{"line":71,"column":4},"end":{"line":96,"column":null}},"24":{"start":{"line":72,"column":6},"end":{"line":77,"column":null}},"25":{"start":{"line":73,"column":23},"end":{"line":73,"column":null}},"26":{"start":{"line":74,"column":8},"end":{"line":76,"column":null}},"27":{"start":{"line":75,"column":10},"end":{"line":75,"column":null}},"28":{"start":{"line":78,"column":11},"end":{"line":96,"column":null}},"29":{"start":{"line":79,"column":6},"end":{"line":84,"column":null}},"30":{"start":{"line":80,"column":23},"end":{"line":80,"column":null}},"31":{"start":{"line":81,"column":8},"end":{"line":83,"column":null}},"32":{"start":{"line":82,"column":10},"end":{"line":82,"column":null}},"33":{"start":{"line":85,"column":11},"end":{"line":96,"column":null}},"34":{"start":{"line":86,"column":6},"end":{"line":95,"column":null}},"35":{"start":{"line":87,"column":25},"end":{"line":87,"column":null}},"36":{"start":{"line":88,"column":8},"end":{"line":90,"column":null}},"37":{"start":{"line":89,"column":10},"end":{"line":89,"column":null}},"38":{"start":{"line":91,"column":22},"end":{"line":91,"column":null}},"39":{"start":{"line":92,"column":8},"end":{"line":94,"column":null}},"40":{"start":{"line":93,"column":10},"end":{"line":93,"column":null}},"41":{"start":{"line":99,"column":4},"end":{"line":101,"column":null}},"42":{"start":{"line":104,"column":17},"end":{"line":104,"column":null}},"43":{"start":{"line":105,"column":22},"end":{"line":105,"column":null}},"44":{"start":{"line":106,"column":4},"end":{"line":136,"column":null}},"45":{"start":{"line":107,"column":24},"end":{"line":107,"column":null}},"46":{"start":{"line":108,"column":12},"end":{"line":108,"column":null}},"47":{"start":{"line":109,"column":6},"end":{"line":112,"column":null}},"48":{"start":{"line":115,"column":26},"end":{"line":115,"column":null}},"49":{"start":{"line":116,"column":6},"end":{"line":123,"column":null}},"50":{"start":{"line":117,"column":8},"end":{"line":122,"column":null}},"51":{"start":{"line":125,"column":24},"end":{"line":125,"column":null}},"52":{"start":{"line":126,"column":6},"end":{"line":135,"column":null}},"53":{"start":{"line":127,"column":8},"end":{"line":134,"column":null}},"54":{"start":{"line":138,"column":4},"end":{"line":143,"column":null}},"55":{"start":{"line":145,"column":4},"end":{"line":145,"column":null}},"56":{"start":{"line":151,"column":2},"end":{"line":254,"column":null}},"57":{"start":{"line":161,"column":8},"end":{"line":161,"column":null}},"58":{"start":{"line":163,"column":19},"end":{"line":163,"column":null}},"59":{"start":{"line":165,"column":4},"end":{"line":168,"column":null}},"60":{"start":{"line":166,"column":6},"end":{"line":166,"column":null}},"61":{"start":{"line":167,"column":6},"end":{"line":167,"column":null}},"62":{"start":{"line":170,"column":22},"end":{"line":170,"column":null}},"63":{"start":{"line":171,"column":26},"end":{"line":171,"column":null}},"64":{"start":{"line":173,"column":4},"end":{"line":185,"column":null}},"65":{"start":{"line":174,"column":19},"end":{"line":174,"column":null}},"66":{"start":{"line":175,"column":25},"end":{"line":175,"column":null}},"67":{"start":{"line":176,"column":25},"end":{"line":176,"column":null}},"68":{"start":{"line":177,"column":6},"end":{"line":177,"column":null}},"69":{"start":{"line":178,"column":6},"end":{"line":178,"column":null}},"70":{"start":{"line":180,"column":6},"end":{"line":180,"column":null}},"71":{"start":{"line":181,"column":11},"end":{"line":185,"column":null}},"72":{"start":{"line":182,"column":6},"end":{"line":182,"column":null}},"73":{"start":{"line":183,"column":11},"end":{"line":185,"column":null}},"74":{"start":{"line":184,"column":6},"end":{"line":184,"column":null}},"75":{"start":{"line":187,"column":20},"end":{"line":187,"column":null}},"76":{"start":{"line":188,"column":22},"end":{"line":188,"column":null}},"77":{"start":{"line":191,"column":4},"end":{"line":203,"column":null}},"78":{"start":{"line":206,"column":24},"end":{"line":206,"column":null}},"79":{"start":{"line":209,"column":4},"end":{"line":215,"column":null}},"80":{"start":{"line":210,"column":6},"end":{"line":210,"column":null}},"81":{"start":{"line":211,"column":11},"end":{"line":215,"column":null}},"82":{"start":{"line":212,"column":6},"end":{"line":212,"column":null}},"83":{"start":{"line":213,"column":11},"end":{"line":215,"column":null}},"84":{"start":{"line":214,"column":6},"end":{"line":214,"column":null}},"85":{"start":{"line":218,"column":4},"end":{"line":225,"column":null}},"86":{"start":{"line":227,"column":17},"end":{"line":227,"column":null}},"87":{"start":{"line":228,"column":24},"end":{"line":237,"column":null}},"88":{"start":{"line":239,"column":27},"end":{"line":249,"column":null}},"89":{"start":{"line":251,"column":4},"end":{"line":251,"column":null}},"90":{"start":{"line":253,"column":4},"end":{"line":253,"column":null}}},"fnMap":{"0":{"name":"getEvents","decl":{"start":{"line":16,"column":22},"end":{"line":16,"column":32}},"loc":{"start":{"line":16,"column":89},"end":{"line":41,"column":null}},"line":16},"1":{"name":"(anonymous_1)","decl":{"start":{"line":27,"column":20},"end":{"line":27,"column":24}},"loc":{"start":{"line":27,"column":30},"end":{"line":37,"column":6}},"line":27},"2":{"name":"deleteEvent","decl":{"start":{"line":44,"column":22},"end":{"line":44,"column":34}},"loc":{"start":{"line":44,"column":91},"end":{"line":147,"column":null}},"line":44},"3":{"name":"createEvent","decl":{"start":{"line":150,"column":22},"end":{"line":150,"column":34}},"loc":{"start":{"line":150,"column":91},"end":{"line":255,"column":null}},"line":150}},"branchMap":{"0":{"loc":{"start":{"line":18,"column":4},"end":{"line":21,"column":null}},"type":"if","locations":[{"start":{"line":18,"column":4},"end":{"line":21,"column":null}},{"start":{},"end":{}}],"line":18},"1":{"loc":{"start":{"line":54,"column":4},"end":{"line":57,"column":null}},"type":"if","locations":[{"start":{"line":54,"column":4},"end":{"line":57,"column":null}},{"start":{},"end":{}}],"line":54},"2":{"loc":{"start":{"line":59,"column":4},"end":{"line":62,"column":null}},"type":"if","locations":[{"start":{"line":59,"column":4},"end":{"line":62,"column":null}},{"start":{},"end":{}}],"line":59},"3":{"loc":{"start":{"line":71,"column":4},"end":{"line":96,"column":null}},"type":"if","locations":[{"start":{"line":71,"column":4},"end":{"line":96,"column":null}},{"start":{"line":78,"column":11},"end":{"line":96,"column":null}}],"line":71},"4":{"loc":{"start":{"line":72,"column":6},"end":{"line":77,"column":null}},"type":"if","locations":[{"start":{"line":72,"column":6},"end":{"line":77,"column":null}},{"start":{},"end":{}}],"line":72},"5":{"loc":{"start":{"line":74,"column":8},"end":{"line":76,"column":null}},"type":"if","locations":[{"start":{"line":74,"column":8},"end":{"line":76,"column":null}},{"start":{},"end":{}}],"line":74},"6":{"loc":{"start":{"line":74,"column":12},"end":{"line":74,"column":78}},"type":"binary-expr","locations":[{"start":{"line":74,"column":12},"end":{"line":74,"column":46}},{"start":{"line":74,"column":46},"end":{"line":74,"column":78}}],"line":74},"7":{"loc":{"start":{"line":78,"column":11},"end":{"line":96,"column":null}},"type":"if","locations":[{"start":{"line":78,"column":11},"end":{"line":96,"column":null}},{"start":{"line":85,"column":11},"end":{"line":96,"column":null}}],"line":78},"8":{"loc":{"start":{"line":79,"column":6},"end":{"line":84,"column":null}},"type":"if","locations":[{"start":{"line":79,"column":6},"end":{"line":84,"column":null}},{"start":{},"end":{}}],"line":79},"9":{"loc":{"start":{"line":81,"column":8},"end":{"line":83,"column":null}},"type":"if","locations":[{"start":{"line":81,"column":8},"end":{"line":83,"column":null}},{"start":{},"end":{}}],"line":81},"10":{"loc":{"start":{"line":85,"column":11},"end":{"line":96,"column":null}},"type":"if","locations":[{"start":{"line":85,"column":11},"end":{"line":96,"column":null}},{"start":{},"end":{}}],"line":85},"11":{"loc":{"start":{"line":86,"column":6},"end":{"line":95,"column":null}},"type":"if","locations":[{"start":{"line":86,"column":6},"end":{"line":95,"column":null}},{"start":{},"end":{}}],"line":86},"12":{"loc":{"start":{"line":88,"column":8},"end":{"line":90,"column":null}},"type":"if","locations":[{"start":{"line":88,"column":8},"end":{"line":90,"column":null}},{"start":{},"end":{}}],"line":88},"13":{"loc":{"start":{"line":88,"column":12},"end":{"line":88,"column":52}},"type":"binary-expr","locations":[{"start":{"line":88,"column":12},"end":{"line":88,"column":26}},{"start":{"line":88,"column":26},"end":{"line":88,"column":52}}],"line":88},"14":{"loc":{"start":{"line":92,"column":8},"end":{"line":94,"column":null}},"type":"if","locations":[{"start":{"line":92,"column":8},"end":{"line":94,"column":null}},{"start":{},"end":{}}],"line":92},"15":{"loc":{"start":{"line":106,"column":4},"end":{"line":136,"column":null}},"type":"if","locations":[{"start":{"line":106,"column":4},"end":{"line":136,"column":null}},{"start":{},"end":{}}],"line":106},"16":{"loc":{"start":{"line":116,"column":6},"end":{"line":123,"column":null}},"type":"if","locations":[{"start":{"line":116,"column":6},"end":{"line":123,"column":null}},{"start":{},"end":{}}],"line":116},"17":{"loc":{"start":{"line":126,"column":6},"end":{"line":135,"column":null}},"type":"if","locations":[{"start":{"line":126,"column":6},"end":{"line":135,"column":null}},{"start":{},"end":{}}],"line":126},"18":{"loc":{"start":{"line":165,"column":4},"end":{"line":168,"column":null}},"type":"if","locations":[{"start":{"line":165,"column":4},"end":{"line":168,"column":null}},{"start":{},"end":{}}],"line":165},"19":{"loc":{"start":{"line":165,"column":8},"end":{"line":165,"column":46}},"type":"binary-expr","locations":[{"start":{"line":165,"column":8},"end":{"line":165,"column":21}},{"start":{"line":165,"column":21},"end":{"line":165,"column":35}},{"start":{"line":165,"column":35},"end":{"line":165,"column":46}}],"line":165},"20":{"loc":{"start":{"line":171,"column":26},"end":{"line":171,"column":null}},"type":"binary-expr","locations":[{"start":{"line":171,"column":26},"end":{"line":171,"column":41}},{"start":{"line":171,"column":41},"end":{"line":171,"column":null}}],"line":171},"21":{"loc":{"start":{"line":173,"column":4},"end":{"line":185,"column":null}},"type":"if","locations":[{"start":{"line":173,"column":4},"end":{"line":185,"column":null}},{"start":{"line":181,"column":11},"end":{"line":185,"column":null}}],"line":173},"22":{"loc":{"start":{"line":175,"column":25},"end":{"line":175,"column":null}},"type":"binary-expr","locations":[{"start":{"line":175,"column":25},"end":{"line":175,"column":45}},{"start":{"line":175,"column":45},"end":{"line":175,"column":null}}],"line":175},"23":{"loc":{"start":{"line":180,"column":49},"end":{"line":180,"column":78}},"type":"binary-expr","locations":[{"start":{"line":180,"column":49},"end":{"line":180,"column":66}},{"start":{"line":180,"column":66},"end":{"line":180,"column":78}}],"line":180},"24":{"loc":{"start":{"line":181,"column":11},"end":{"line":185,"column":null}},"type":"if","locations":[{"start":{"line":181,"column":11},"end":{"line":185,"column":null}},{"start":{"line":183,"column":11},"end":{"line":185,"column":null}}],"line":181},"25":{"loc":{"start":{"line":182,"column":51},"end":{"line":182,"column":77}},"type":"binary-expr","locations":[{"start":{"line":182,"column":51},"end":{"line":182,"column":68}},{"start":{"line":182,"column":68},"end":{"line":182,"column":77}}],"line":182},"26":{"loc":{"start":{"line":183,"column":11},"end":{"line":185,"column":null}},"type":"if","locations":[{"start":{"line":183,"column":11},"end":{"line":185,"column":null}},{"start":{},"end":{}}],"line":183},"27":{"loc":{"start":{"line":184,"column":46},"end":{"line":184,"column":68}},"type":"binary-expr","locations":[{"start":{"line":184,"column":46},"end":{"line":184,"column":58}},{"start":{"line":184,"column":58},"end":{"line":184,"column":68}}],"line":184},"28":{"loc":{"start":{"line":194,"column":23},"end":{"line":194,"column":null}},"type":"binary-expr","locations":[{"start":{"line":194,"column":23},"end":{"line":194,"column":42}},{"start":{"line":194,"column":42},"end":{"line":194,"column":null}}],"line":194},"29":{"loc":{"start":{"line":209,"column":4},"end":{"line":215,"column":null}},"type":"if","locations":[{"start":{"line":209,"column":4},"end":{"line":215,"column":null}},{"start":{"line":211,"column":11},"end":{"line":215,"column":null}}],"line":209},"30":{"loc":{"start":{"line":209,"column":8},"end":{"line":209,"column":93}},"type":"binary-expr","locations":[{"start":{"line":209,"column":8},"end":{"line":209,"column":37}},{"start":{"line":209,"column":37},"end":{"line":209,"column":63}},{"start":{"line":209,"column":63},"end":{"line":209,"column":93}}],"line":209},"31":{"loc":{"start":{"line":211,"column":11},"end":{"line":215,"column":null}},"type":"if","locations":[{"start":{"line":211,"column":11},"end":{"line":215,"column":null}},{"start":{"line":213,"column":11},"end":{"line":215,"column":null}}],"line":211},"32":{"loc":{"start":{"line":211,"column":15},"end":{"line":211,"column":60}},"type":"binary-expr","locations":[{"start":{"line":211,"column":15},"end":{"line":211,"column":38}},{"start":{"line":211,"column":38},"end":{"line":211,"column":60}}],"line":211},"33":{"loc":{"start":{"line":213,"column":11},"end":{"line":215,"column":null}},"type":"if","locations":[{"start":{"line":213,"column":11},"end":{"line":215,"column":null}},{"start":{},"end":{}}],"line":213},"34":{"loc":{"start":{"line":213,"column":15},"end":{"line":213,"column":68}},"type":"binary-expr","locations":[{"start":{"line":213,"column":15},"end":{"line":213,"column":41}},{"start":{"line":213,"column":41},"end":{"line":213,"column":68}}],"line":213},"35":{"loc":{"start":{"line":228,"column":24},"end":{"line":237,"column":null}},"type":"cond-expr","locations":[{"start":{"line":229,"column":8},"end":{"line":236,"column":null}},{"start":{"line":237,"column":8},"end":{"line":237,"column":null}}],"line":228},"36":{"loc":{"start":{"line":243,"column":23},"end":{"line":243,"column":null}},"type":"binary-expr","locations":[{"start":{"line":243,"column":23},"end":{"line":243,"column":42}},{"start":{"line":243,"column":42},"end":{"line":243,"column":null}}],"line":243}},"s":{"0":0,"1":0,"2":0,"3":0,"4":0,"5":0,"6":0,"7":0,"8":0,"9":0,"10":0,"11":0,"12":0,"13":0,"14":0,"15":0,"16":0,"17":0,"18":0,"19":0,"20":0,"21":0,"22":0,"23":0,"24":0,"25":0,"26":0,"27":0,"28":0,"29":0,"30":0,"31":0,"32":0,"33":0,"34":0,"35":0,"36":0,"37":0,"38":0,"39":0,"40":0,"41":0,"42":0,"43":0,"44":0,"45":0,"46":0,"47":0,"48":0,"49":0,"50":0,"51":0,"52":0,"53":0,"54":0,"55":0,"56":0,"57":0,"58":0,"59":0,"60":0,"61":0,"62":0,"63":0,"64":0,"65":0,"66":0,"67":0,"68":0,"69":0,"70":0,"71":0,"72":0,"73":0,"74":0,"75":0,"76":0,"77":0,"78":0,"79":0,"80":0,"81":0,"82":0,"83":0,"84":0,"85":0,"86":0,"87":0,"88":0,"89":0,"90":0},"f":{"0":0,"1":0,"2":0,"3":0},"b":{"0":[0,0],"1":[0,0],"2":[0,0],"3":[0,0],"4":[0,0],"5":[0,0],"6":[0,0],"7":[0,0],"8":[0,0],"9":[0,0],"10":[0,0],"11":[0,0],"12":[0,0],"13":[0,0],"14":[0,0],"15":[0,0],"16":[0,0],"17":[0,0],"18":[0,0],"19":[0,0,0],"20":[0,0],"21":[0,0],"22":[0,0],"23":[0,0],"24":[0,0],"25":[0,0],"26":[0,0],"27":[0,0],"28":[0,0],"29":[0,0],"30":[0,0,0],"31":[0,0],"32":[0,0],"33":[0,0],"34":[0,0],"35":[0,0],"36":[0,0]},"meta":{"lastBranch":37,"lastFunction":4,"lastStatement":91,"seen":{"f:16:22:16:32":0,"s:17:2:40:Infinity":0,"b:18:4:21:Infinity:undefined:undefined:undefined:undefined":0,"s:18:4:21:Infinity":1,"s:19:6:19:Infinity":2,"s:20:6:20:Infinity":3,"s:23:19:26:Infinity":4,"s:27:4:37:Infinity":5,"f:27:20:27:24":1,"s:27:30:37:6":6,"s:39:4:39:Infinity":7,"f:44:22:44:34":2,"s:45:2:146:Infinity":8,"s:46:20:46:Infinity":9,"s:47:19:47:Infinity":10,"s:50:18:52:Infinity":11,"b:54:4:57:Infinity:undefined:undefined:undefined:undefined":1,"s:54:4:57:Infinity":12,"s:55:6:55:Infinity":13,"s:56:6:56:Infinity":14,"b:59:4:62:Infinity:undefined:undefined:undefined:undefined":2,"s:59:4:62:Infinity":15,"s:60:6:60:Infinity":16,"s:61:6:61:Infinity":17,"s:65:25:65:Infinity":18,"s:66:21:66:Infinity":19,"s:67:21:67:Infinity":20,"s:68:27:68:Infinity":21,"s:69:23:69:Infinity":22,"b:71:4:96:Infinity:78:11:96:Infinity":3,"s:71:4:96:Infinity":23,"b:72:6:77:Infinity:undefined:undefined:undefined:undefined":4,"s:72:6:77:Infinity":24,"s:73:23:73:Infinity":25,"b:74:8:76:Infinity:undefined:undefined:undefined:undefined":5,"s:74:8:76:Infinity":26,"b:74:12:74:46:74:46:74:78":6,"s:75:10:75:Infinity":27,"b:78:11:96:Infinity:85:11:96:Infinity":7,"s:78:11:96:Infinity":28,"b:79:6:84:Infinity:undefined:undefined:undefined:undefined":8,"s:79:6:84:Infinity":29,"s:80:23:80:Infinity":30,"b:81:8:83:Infinity:undefined:undefined:undefined:undefined":9,"s:81:8:83:Infinity":31,"s:82:10:82:Infinity":32,"b:85:11:96:Infinity:undefined:undefined:undefined:undefined":10,"s:85:11:96:Infinity":33,"b:86:6:95:Infinity:undefined:undefined:undefined:undefined":11,"s:86:6:95:Infinity":34,"s:87:25:87:Infinity":35,"b:88:8:90:Infinity:undefined:undefined:undefined:undefined":12,"s:88:8:90:Infinity":36,"b:88:12:88:26:88:26:88:52":13,"s:89:10:89:Infinity":37,"s:91:22:91:Infinity":38,"b:92:8:94:Infinity:undefined:undefined:undefined:undefined":14,"s:92:8:94:Infinity":39,"s:93:10:93:Infinity":40,"s:99:4:101:Infinity":41,"s:104:17:104:Infinity":42,"s:105:22:105:Infinity":43,"b:106:4:136:Infinity:undefined:undefined:undefined:undefined":15,"s:106:4:136:Infinity":44,"s:107:24:107:Infinity":45,"s:108:12:108:Infinity":46,"s:109:6:112:Infinity":47,"s:115:26:115:Infinity":48,"b:116:6:123:Infinity:undefined:undefined:undefined:undefined":16,"s:116:6:123:Infinity":49,"s:117:8:122:Infinity":50,"s:125:24:125:Infinity":51,"b:126:6:135:Infinity:undefined:undefined:undefined:undefined":17,"s:126:6:135:Infinity":52,"s:127:8:134:Infinity":53,"s:138:4:143:Infinity":54,"s:145:4:145:Infinity":55,"f:150:22:150:34":3,"s:151:2:254:Infinity":56,"s:161:8:161:Infinity":57,"s:163:19:163:Infinity":58,"b:165:4:168:Infinity:undefined:undefined:undefined:undefined":18,"s:165:4:168:Infinity":59,"b:165:8:165:21:165:21:165:35:165:35:165:46":19,"s:166:6:166:Infinity":60,"s:167:6:167:Infinity":61,"s:170:22:170:Infinity":62,"s:171:26:171:Infinity":63,"b:171:26:171:41:171:41:171:Infinity":20,"b:173:4:185:Infinity:181:11:185:Infinity":21,"s:173:4:185:Infinity":64,"s:174:19:174:Infinity":65,"s:175:25:175:Infinity":66,"b:175:25:175:45:175:45:175:Infinity":22,"s:176:25:176:Infinity":67,"s:177:6:177:Infinity":68,"s:178:6:178:Infinity":69,"s:180:6:180:Infinity":70,"b:180:49:180:66:180:66:180:78":23,"b:181:11:185:Infinity:183:11:185:Infinity":24,"s:181:11:185:Infinity":71,"s:182:6:182:Infinity":72,"b:182:51:182:68:182:68:182:77":25,"b:183:11:185:Infinity:undefined:undefined:undefined:undefined":26,"s:183:11:185:Infinity":73,"s:184:6:184:Infinity":74,"b:184:46:184:58:184:58:184:68":27,"s:187:20:187:Infinity":75,"s:188:22:188:Infinity":76,"s:191:4:203:Infinity":77,"b:194:23:194:42:194:42:194:Infinity":28,"s:206:24:206:Infinity":78,"b:209:4:215:Infinity:211:11:215:Infinity":29,"s:209:4:215:Infinity":79,"b:209:8:209:37:209:37:209:63:209:63:209:93":30,"s:210:6:210:Infinity":80,"b:211:11:215:Infinity:213:11:215:Infinity":31,"s:211:11:215:Infinity":81,"b:211:15:211:38:211:38:211:60":32,"s:212:6:212:Infinity":82,"b:213:11:215:Infinity:undefined:undefined:undefined:undefined":33,"s:213:11:215:Infinity":83,"b:213:15:213:41:213:41:213:68":34,"s:214:6:214:Infinity":84,"s:218:4:225:Infinity":85,"s:227:17:227:Infinity":86,"s:228:24:237:Infinity":87,"b:229:8:236:Infinity:237:8:237:Infinity":35,"s:239:27:249:Infinity":88,"b:243:23:243:42:243:42:243:Infinity":36,"s:251:4:251:Infinity":89,"s:253:4:253:Infinity":90},"fnNames":{}}}
,"D:\\new_era\\Hackthon\\footprint\\apps\\api\\src\\controllers\\sponsorController.ts": {"path":"D:\\new_era\\Hackthon\\footprint\\apps\\api\\src\\controllers\\sponsorController.ts","statementMap":{"0":{"start":{"line":11,"column":2},"end":{"line":99,"column":null}},"1":{"start":{"line":12,"column":52},"end":{"line":12,"column":null}},"2":{"start":{"line":13,"column":19},"end":{"line":13,"column":null}},"3":{"start":{"line":15,"column":4},"end":{"line":18,"column":null}},"4":{"start":{"line":16,"column":6},"end":{"line":16,"column":null}},"5":{"start":{"line":17,"column":6},"end":{"line":17,"column":null}},"6":{"start":{"line":20,"column":17},"end":{"line":20,"column":null}},"7":{"start":{"line":21,"column":4},"end":{"line":24,"column":null}},"8":{"start":{"line":22,"column":6},"end":{"line":22,"column":null}},"9":{"start":{"line":23,"column":6},"end":{"line":23,"column":null}},"10":{"start":{"line":26,"column":4},"end":{"line":29,"column":null}},"11":{"start":{"line":27,"column":6},"end":{"line":27,"column":null}},"12":{"start":{"line":28,"column":6},"end":{"line":28,"column":null}},"13":{"start":{"line":32,"column":22},"end":{"line":32,"column":null}},"14":{"start":{"line":33,"column":10},"end":{"line":33,"column":null}},"15":{"start":{"line":34,"column":4},"end":{"line":37,"column":null}},"16":{"start":{"line":40,"column":22},"end":{"line":40,"column":null}},"17":{"start":{"line":41,"column":41},"end":{"line":41,"column":null}},"18":{"start":{"line":42,"column":16},"end":{"line":42,"column":null}},"19":{"start":{"line":43,"column":22},"end":{"line":43,"column":null}},"20":{"start":{"line":45,"column":4},"end":{"line":58,"column":null}},"21":{"start":{"line":46,"column":6},"end":{"line":46,"column":null}},"22":{"start":{"line":47,"column":29},"end":{"line":47,"column":null}},"23":{"start":{"line":48,"column":6},"end":{"line":48,"column":null}},"24":{"start":{"line":49,"column":11},"end":{"line":58,"column":null}},"25":{"start":{"line":50,"column":6},"end":{"line":50,"column":null}},"26":{"start":{"line":51,"column":29},"end":{"line":51,"column":null}},"27":{"start":{"line":52,"column":6},"end":{"line":52,"column":null}},"28":{"start":{"line":53,"column":6},"end":{"line":53,"column":null}},"29":{"start":{"line":54,"column":11},"end":{"line":58,"column":null}},"30":{"start":{"line":55,"column":6},"end":{"line":55,"column":null}},"31":{"start":{"line":56,"column":6},"end":{"line":56,"column":null}},"32":{"start":{"line":57,"column":6},"end":{"line":57,"column":null}},"33":{"start":{"line":60,"column":4},"end":{"line":71,"column":null}},"34":{"start":{"line":73,"column":27},"end":{"line":73,"column":null}},"35":{"start":{"line":74,"column":24},"end":{"line":74,"column":null}},"36":{"start":{"line":76,"column":4},"end":{"line":96,"column":null}},"37":{"start":{"line":98,"column":4},"end":{"line":98,"column":null}},"38":{"start":{"line":104,"column":2},"end":{"line":127,"column":null}},"39":{"start":{"line":105,"column":4},"end":{"line":108,"column":null}},"40":{"start":{"line":106,"column":6},"end":{"line":106,"column":null}},"41":{"start":{"line":107,"column":6},"end":{"line":107,"column":null}},"42":{"start":{"line":110,"column":21},"end":{"line":113,"column":null}},"43":{"start":{"line":114,"column":4},"end":{"line":124,"column":null}},"44":{"start":{"line":114,"column":32},"end":{"line":124,"column":6}},"45":{"start":{"line":126,"column":4},"end":{"line":126,"column":null}},"46":{"start":{"line":132,"column":2},"end":{"line":169,"column":null}},"47":{"start":{"line":133,"column":4},"end":{"line":136,"column":null}},"48":{"start":{"line":134,"column":6},"end":{"line":134,"column":null}},"49":{"start":{"line":135,"column":6},"end":{"line":135,"column":null}},"50":{"start":{"line":138,"column":23},"end":{"line":138,"column":null}},"51":{"start":{"line":139,"column":4},"end":{"line":139,"column":null}},"52":{"start":{"line":142,"column":28},"end":{"line":144,"column":null}},"53":{"start":{"line":146,"column":4},"end":{"line":149,"column":null}},"54":{"start":{"line":147,"column":6},"end":{"line":147,"column":null}},"55":{"start":{"line":148,"column":6},"end":{"line":148,"column":null}},"56":{"start":{"line":151,"column":24},"end":{"line":153,"column":null}},"57":{"start":{"line":156,"column":19},"end":{"line":163,"column":null}},"58":{"start":{"line":156,"column":41},"end":{"line":163,"column":6}},"59":{"start":{"line":164,"column":4},"end":{"line":164,"column":null}},"60":{"start":{"line":164,"column":26},"end":{"line":164,"column":45}},"61":{"start":{"line":166,"column":4},"end":{"line":166,"column":null}},"62":{"start":{"line":168,"column":4},"end":{"line":168,"column":null}}},"fnMap":{"0":{"name":"redeemVoucher","decl":{"start":{"line":10,"column":22},"end":{"line":10,"column":36}},"loc":{"start":{"line":10,"column":93},"end":{"line":100,"column":null}},"line":10},"1":{"name":"getVouchers","decl":{"start":{"line":103,"column":22},"end":{"line":103,"column":34}},"loc":{"start":{"line":103,"column":91},"end":{"line":128,"column":null}},"line":103},"2":{"name":"(anonymous_2)","decl":{"start":{"line":114,"column":22},"end":{"line":114,"column":26}},"loc":{"start":{"line":114,"column":32},"end":{"line":124,"column":6}},"line":114},"3":{"name":"getLeaguesLeaderboard","decl":{"start":{"line":131,"column":22},"end":{"line":131,"column":44}},"loc":{"start":{"line":131,"column":101},"end":{"line":170,"column":null}},"line":131},"4":{"name":"(anonymous_4)","decl":{"start":{"line":156,"column":31},"end":{"line":156,"column":35}},"loc":{"start":{"line":156,"column":41},"end":{"line":163,"column":6}},"line":156},"5":{"name":"(anonymous_5)","decl":{"start":{"line":164,"column":11},"end":{"line":164,"column":17}},"loc":{"start":{"line":164,"column":26},"end":{"line":164,"column":45}},"line":164}},"branchMap":{"0":{"loc":{"start":{"line":15,"column":4},"end":{"line":18,"column":null}},"type":"if","locations":[{"start":{"line":15,"column":4},"end":{"line":18,"column":null}},{"start":{},"end":{}}],"line":15},"1":{"loc":{"start":{"line":15,"column":8},"end":{"line":15,"column":52}},"type":"binary-expr","locations":[{"start":{"line":15,"column":8},"end":{"line":15,"column":24}},{"start":{"line":15,"column":24},"end":{"line":15,"column":39}},{"start":{"line":15,"column":39},"end":{"line":15,"column":52}}],"line":15},"2":{"loc":{"start":{"line":21,"column":4},"end":{"line":24,"column":null}},"type":"if","locations":[{"start":{"line":21,"column":4},"end":{"line":24,"column":null}},{"start":{},"end":{}}],"line":21},"3":{"loc":{"start":{"line":26,"column":4},"end":{"line":29,"column":null}},"type":"if","locations":[{"start":{"line":26,"column":4},"end":{"line":29,"column":null}},{"start":{},"end":{}}],"line":26},"4":{"loc":{"start":{"line":45,"column":4},"end":{"line":58,"column":null}},"type":"if","locations":[{"start":{"line":45,"column":4},"end":{"line":58,"column":null}},{"start":{"line":49,"column":11},"end":{"line":58,"column":null}}],"line":45},"5":{"loc":{"start":{"line":49,"column":11},"end":{"line":58,"column":null}},"type":"if","locations":[{"start":{"line":49,"column":11},"end":{"line":58,"column":null}},{"start":{"line":54,"column":11},"end":{"line":58,"column":null}}],"line":49},"6":{"loc":{"start":{"line":54,"column":11},"end":{"line":58,"column":null}},"type":"if","locations":[{"start":{"line":54,"column":11},"end":{"line":58,"column":null}},{"start":{},"end":{}}],"line":54},"7":{"loc":{"start":{"line":68,"column":20},"end":{"line":68,"column":null}},"type":"binary-expr","locations":[{"start":{"line":68,"column":20},"end":{"line":68,"column":34}},{"start":{"line":68,"column":34},"end":{"line":68,"column":null}}],"line":68},"8":{"loc":{"start":{"line":77,"column":15},"end":{"line":87,"column":null}},"type":"cond-expr","locations":[{"start":{"line":77,"column":32},"end":{"line":87,"column":10}},{"start":{"line":87,"column":10},"end":{"line":87,"column":null}}],"line":77},"9":{"loc":{"start":{"line":88,"column":12},"end":{"line":95,"column":null}},"type":"cond-expr","locations":[{"start":{"line":88,"column":26},"end":{"line":95,"column":10}},{"start":{"line":95,"column":10},"end":{"line":95,"column":null}}],"line":88},"10":{"loc":{"start":{"line":105,"column":4},"end":{"line":108,"column":null}},"type":"if","locations":[{"start":{"line":105,"column":4},"end":{"line":108,"column":null}},{"start":{},"end":{}}],"line":105},"11":{"loc":{"start":{"line":133,"column":4},"end":{"line":136,"column":null}},"type":"if","locations":[{"start":{"line":133,"column":4},"end":{"line":136,"column":null}},{"start":{},"end":{}}],"line":133},"12":{"loc":{"start":{"line":146,"column":4},"end":{"line":149,"column":null}},"type":"if","locations":[{"start":{"line":146,"column":4},"end":{"line":149,"column":null}},{"start":{},"end":{}}],"line":146}},"s":{"0":0,"1":0,"2":0,"3":0,"4":0,"5":0,"6":0,"7":0,"8":0,"9":0,"10":0,"11":0,"12":0,"13":0,"14":0,"15":0,"16":0,"17":0,"18":0,"19":0,"20":0,"21":0,"22":0,"23":0,"24":0,"25":0,"26":0,"27":0,"28":0,"29":0,"30":0,"31":0,"32":0,"33":0,"34":0,"35":0,"36":0,"37":0,"38":0,"39":0,"40":0,"41":0,"42":0,"43":0,"44":0,"45":0,"46":0,"47":0,"48":0,"49":0,"50":0,"51":0,"52":0,"53":0,"54":0,"55":0,"56":0,"57":0,"58":0,"59":0,"60":0,"61":0,"62":0},"f":{"0":0,"1":0,"2":0,"3":0,"4":0,"5":0},"b":{"0":[0,0],"1":[0,0,0],"2":[0,0],"3":[0,0],"4":[0,0],"5":[0,0],"6":[0,0],"7":[0,0],"8":[0,0],"9":[0,0],"10":[0,0],"11":[0,0],"12":[0,0]},"meta":{"lastBranch":13,"lastFunction":6,"lastStatement":63,"seen":{"f:10:22:10:36":0,"s:11:2:99:Infinity":0,"s:12:52:12:Infinity":1,"s:13:19:13:Infinity":2,"b:15:4:18:Infinity:undefined:undefined:undefined:undefined":0,"s:15:4:18:Infinity":3,"b:15:8:15:24:15:24:15:39:15:39:15:52":1,"s:16:6:16:Infinity":4,"s:17:6:17:Infinity":5,"s:20:17:20:Infinity":6,"b:21:4:24:Infinity:undefined:undefined:undefined:undefined":2,"s:21:4:24:Infinity":7,"s:22:6:22:Infinity":8,"s:23:6:23:Infinity":9,"b:26:4:29:Infinity:undefined:undefined:undefined:undefined":3,"s:26:4:29:Infinity":10,"s:27:6:27:Infinity":11,"s:28:6:28:Infinity":12,"s:32:22:32:Infinity":13,"s:33:10:33:Infinity":14,"s:34:4:37:Infinity":15,"s:40:22:40:Infinity":16,"s:41:41:41:Infinity":17,"s:42:16:42:Infinity":18,"s:43:22:43:Infinity":19,"b:45:4:58:Infinity:49:11:58:Infinity":4,"s:45:4:58:Infinity":20,"s:46:6:46:Infinity":21,"s:47:29:47:Infinity":22,"s:48:6:48:Infinity":23,"b:49:11:58:Infinity:54:11:58:Infinity":5,"s:49:11:58:Infinity":24,"s:50:6:50:Infinity":25,"s:51:29:51:Infinity":26,"s:52:6:52:Infinity":27,"s:53:6:53:Infinity":28,"b:54:11:58:Infinity:undefined:undefined:undefined:undefined":6,"s:54:11:58:Infinity":29,"s:55:6:55:Infinity":30,"s:56:6:56:Infinity":31,"s:57:6:57:Infinity":32,"s:60:4:71:Infinity":33,"b:68:20:68:34:68:34:68:Infinity":7,"s:73:27:73:Infinity":34,"s:74:24:74:Infinity":35,"s:76:4:96:Infinity":36,"b:77:32:87:10:87:10:87:Infinity":8,"b:88:26:95:10:95:10:95:Infinity":9,"s:98:4:98:Infinity":37,"f:103:22:103:34":1,"s:104:2:127:Infinity":38,"b:105:4:108:Infinity:undefined:undefined:undefined:undefined":10,"s:105:4:108:Infinity":39,"s:106:6:106:Infinity":40,"s:107:6:107:Infinity":41,"s:110:21:113:Infinity":42,"s:114:4:124:Infinity":43,"f:114:22:114:26":2,"s:114:32:124:6":44,"s:126:4:126:Infinity":45,"f:131:22:131:44":3,"s:132:2:169:Infinity":46,"b:133:4:136:Infinity:undefined:undefined:undefined:undefined":11,"s:133:4:136:Infinity":47,"s:134:6:134:Infinity":48,"s:135:6:135:Infinity":49,"s:138:23:138:Infinity":50,"s:139:4:139:Infinity":51,"s:142:28:144:Infinity":52,"b:146:4:149:Infinity:undefined:undefined:undefined:undefined":12,"s:146:4:149:Infinity":53,"s:147:6:147:Infinity":54,"s:148:6:148:Infinity":55,"s:151:24:153:Infinity":56,"s:156:19:163:Infinity":57,"f:156:31:156:35":4,"s:156:41:163:6":58,"s:164:4:164:Infinity":59,"f:164:11:164:17":5,"s:164:26:164:45":60,"s:166:4:166:Infinity":61,"s:168:4:168:Infinity":62},"fnNames":{}}}
,"D:\\new_era\\Hackthon\\footprint\\apps\\api\\src\\controllers\\userController.ts": {"path":"D:\\new_era\\Hackthon\\footprint\\apps\\api\\src\\controllers\\userController.ts","statementMap":{"0":{"start":{"line":19,"column":2},"end":{"line":142,"column":null}},"1":{"start":{"line":20,"column":53},"end":{"line":20,"column":null}},"2":{"start":{"line":21,"column":4},"end":{"line":24,"column":null}},"3":{"start":{"line":22,"column":6},"end":{"line":22,"column":null}},"4":{"start":{"line":23,"column":6},"end":{"line":23,"column":null}},"5":{"start":{"line":26,"column":19},"end":{"line":26,"column":null}},"6":{"start":{"line":27,"column":10},"end":{"line":31,"column":null}},"7":{"start":{"line":34,"column":4},"end":{"line":42,"column":null}},"8":{"start":{"line":45,"column":4},"end":{"line":45,"column":null}},"9":{"start":{"line":48,"column":4},"end":{"line":48,"column":null}},"10":{"start":{"line":51,"column":23},"end":{"line":51,"column":null}},"11":{"start":{"line":52,"column":28},"end":{"line":52,"column":null}},"12":{"start":{"line":53,"column":4},"end":{"line":53,"column":null}},"13":{"start":{"line":56,"column":16},"end":{"line":56,"column":null}},"14":{"start":{"line":57,"column":26},"end":{"line":57,"column":null}},"15":{"start":{"line":58,"column":4},"end":{"line":106,"column":null}},"16":{"start":{"line":58,"column":17},"end":{"line":58,"column":20}},"17":{"start":{"line":59,"column":24},"end":{"line":59,"column":null}},"18":{"start":{"line":60,"column":24},"end":{"line":60,"column":null}},"19":{"start":{"line":63,"column":25},"end":{"line":63,"column":null}},"20":{"start":{"line":64,"column":12},"end":{"line":64,"column":null}},"21":{"start":{"line":65,"column":6},"end":{"line":75,"column":null}},"22":{"start":{"line":78,"column":29},"end":{"line":78,"column":null}},"23":{"start":{"line":79,"column":28},"end":{"line":79,"column":null}},"24":{"start":{"line":80,"column":12},"end":{"line":80,"column":null}},"25":{"start":{"line":81,"column":6},"end":{"line":90,"column":null}},"26":{"start":{"line":93,"column":24},"end":{"line":93,"column":null}},"27":{"start":{"line":94,"column":23},"end":{"line":94,"column":null}},"28":{"start":{"line":95,"column":12},"end":{"line":95,"column":null}},"29":{"start":{"line":96,"column":6},"end":{"line":105,"column":null}},"30":{"start":{"line":108,"column":4},"end":{"line":110,"column":null}},"31":{"start":{"line":112,"column":24},"end":{"line":112,"column":null}},"32":{"start":{"line":113,"column":4},"end":{"line":139,"column":null}},"33":{"start":{"line":115,"column":20},"end":{"line":115,"column":null}},"34":{"start":{"line":118,"column":6},"end":{"line":123,"column":null}},"35":{"start":{"line":125,"column":6},"end":{"line":136,"column":null}},"36":{"start":{"line":138,"column":6},"end":{"line":138,"column":null}},"37":{"start":{"line":141,"column":4},"end":{"line":141,"column":null}},"38":{"start":{"line":147,"column":2},"end":{"line":168,"column":null}},"39":{"start":{"line":148,"column":4},"end":{"line":151,"column":null}},"40":{"start":{"line":149,"column":6},"end":{"line":149,"column":null}},"41":{"start":{"line":150,"column":6},"end":{"line":150,"column":null}},"42":{"start":{"line":153,"column":17},"end":{"line":153,"column":null}},"43":{"start":{"line":154,"column":4},"end":{"line":157,"column":null}},"44":{"start":{"line":155,"column":6},"end":{"line":155,"column":null}},"45":{"start":{"line":156,"column":6},"end":{"line":156,"column":null}},"46":{"start":{"line":158,"column":4},"end":{"line":165,"column":null}},"47":{"start":{"line":167,"column":4},"end":{"line":167,"column":null}},"48":{"start":{"line":173,"column":2},"end":{"line":305,"column":null}},"49":{"start":{"line":174,"column":4},"end":{"line":177,"column":null}},"50":{"start":{"line":175,"column":6},"end":{"line":175,"column":null}},"51":{"start":{"line":176,"column":6},"end":{"line":176,"column":null}},"52":{"start":{"line":179,"column":51},"end":{"line":179,"column":null}},"53":{"start":{"line":180,"column":19},"end":{"line":180,"column":null}},"54":{"start":{"line":183,"column":17},"end":{"line":183,"column":null}},"55":{"start":{"line":184,"column":4},"end":{"line":187,"column":null}},"56":{"start":{"line":185,"column":6},"end":{"line":185,"column":null}},"57":{"start":{"line":186,"column":6},"end":{"line":186,"column":null}},"58":{"start":{"line":189,"column":28},"end":{"line":189,"column":null}},"59":{"start":{"line":190,"column":4},"end":{"line":192,"column":null}},"60":{"start":{"line":191,"column":6},"end":{"line":191,"column":null}},"61":{"start":{"line":193,"column":4},"end":{"line":195,"column":null}},"62":{"start":{"line":194,"column":6},"end":{"line":194,"column":null}},"63":{"start":{"line":198,"column":4},"end":{"line":211,"column":null}},"64":{"start":{"line":199,"column":6},"end":{"line":202,"column":null}},"65":{"start":{"line":205,"column":6},"end":{"line":210,"column":null}},"66":{"start":{"line":206,"column":8},"end":{"line":209,"column":null}},"67":{"start":{"line":213,"column":19},"end":{"line":213,"column":null}},"68":{"start":{"line":215,"column":4},"end":{"line":289,"column":null}},"69":{"start":{"line":217,"column":6},"end":{"line":217,"column":null}},"70":{"start":{"line":220,"column":32},"end":{"line":220,"column":null}},"71":{"start":{"line":221,"column":25},"end":{"line":221,"column":null}},"72":{"start":{"line":222,"column":30},"end":{"line":222,"column":null}},"73":{"start":{"line":223,"column":6},"end":{"line":223,"column":null}},"74":{"start":{"line":226,"column":6},"end":{"line":231,"column":null}},"75":{"start":{"line":234,"column":18},"end":{"line":234,"column":null}},"76":{"start":{"line":235,"column":28},"end":{"line":235,"column":null}},"77":{"start":{"line":236,"column":6},"end":{"line":284,"column":null}},"78":{"start":{"line":236,"column":19},"end":{"line":236,"column":22}},"79":{"start":{"line":237,"column":26},"end":{"line":237,"column":null}},"80":{"start":{"line":238,"column":26},"end":{"line":238,"column":null}},"81":{"start":{"line":241,"column":27},"end":{"line":241,"column":null}},"82":{"start":{"line":242,"column":14},"end":{"line":242,"column":null}},"83":{"start":{"line":243,"column":8},"end":{"line":253,"column":null}},"84":{"start":{"line":256,"column":31},"end":{"line":256,"column":null}},"85":{"start":{"line":257,"column":30},"end":{"line":257,"column":null}},"86":{"start":{"line":258,"column":14},"end":{"line":258,"column":null}},"87":{"start":{"line":259,"column":8},"end":{"line":268,"column":null}},"88":{"start":{"line":271,"column":26},"end":{"line":271,"column":null}},"89":{"start":{"line":272,"column":25},"end":{"line":272,"column":null}},"90":{"start":{"line":273,"column":14},"end":{"line":273,"column":null}},"91":{"start":{"line":274,"column":8},"end":{"line":283,"column":null}},"92":{"start":{"line":286,"column":6},"end":{"line":288,"column":null}},"93":{"start":{"line":291,"column":24},"end":{"line":291,"column":null}},"94":{"start":{"line":292,"column":4},"end":{"line":302,"column":null}},"95":{"start":{"line":304,"column":4},"end":{"line":304,"column":null}},"96":{"start":{"line":310,"column":2},"end":{"line":320,"column":null}},"97":{"start":{"line":311,"column":4},"end":{"line":314,"column":null}},"98":{"start":{"line":312,"column":6},"end":{"line":312,"column":null}},"99":{"start":{"line":313,"column":6},"end":{"line":313,"column":null}},"100":{"start":{"line":316,"column":25},"end":{"line":316,"column":null}},"101":{"start":{"line":317,"column":4},"end":{"line":317,"column":null}},"102":{"start":{"line":319,"column":4},"end":{"line":319,"column":null}},"103":{"start":{"line":325,"column":2},"end":{"line":329,"column":null}},"104":{"start":{"line":330,"column":2},"end":{"line":330,"column":null}}},"fnMap":{"0":{"name":"registerUser","decl":{"start":{"line":18,"column":22},"end":{"line":18,"column":35}},"loc":{"start":{"line":18,"column":75},"end":{"line":143,"column":null}},"line":18},"1":{"name":"getUserDetails","decl":{"start":{"line":146,"column":22},"end":{"line":146,"column":37}},"loc":{"start":{"line":146,"column":94},"end":{"line":169,"column":null}},"line":146},"2":{"name":"updateUserProfile","decl":{"start":{"line":172,"column":22},"end":{"line":172,"column":40}},"loc":{"start":{"line":172,"column":97},"end":{"line":306,"column":null}},"line":172},"3":{"name":"getUserInsights","decl":{"start":{"line":309,"column":22},"end":{"line":309,"column":38}},"loc":{"start":{"line":309,"column":95},"end":{"line":321,"column":null}},"line":309},"4":{"name":"logoutUser","decl":{"start":{"line":324,"column":22},"end":{"line":324,"column":33}},"loc":{"start":{"line":324,"column":73},"end":{"line":331,"column":null}},"line":324}},"branchMap":{"0":{"loc":{"start":{"line":21,"column":4},"end":{"line":24,"column":null}},"type":"if","locations":[{"start":{"line":21,"column":4},"end":{"line":24,"column":null}},{"start":{},"end":{}}],"line":21},"1":{"loc":{"start":{"line":27,"column":46},"end":{"line":31,"column":5}},"type":"binary-expr","locations":[{"start":{"line":27,"column":46},"end":{"line":27,"column":59}},{"start":{"line":27,"column":59},"end":{"line":31,"column":5}}],"line":27},"2":{"loc":{"start":{"line":40,"column":20},"end":{"line":40,"column":null}},"type":"binary-expr","locations":[{"start":{"line":40,"column":20},
[...]
line":56,"column":29},"end":{"line":56,"column":null}},"17":{"start":{"line":59,"column":2},"end":{"line":65,"column":null}},"18":{"start":{"line":60,"column":4},"end":{"line":60,"column":null}},"19":{"start":{"line":61,"column":9},"end":{"line":65,"column":null}},"20":{"start":{"line":62,"column":4},"end":{"line":62,"column":null}},"21":{"start":{"line":64,"column":4},"end":{"line":64,"column":null}},"22":{"start":{"line":67,"column":2},"end":{"line":73,"column":null}},"23":{"start":{"line":68,"column":4},"end":{"line":68,"column":null}},"24":{"start":{"line":69,"column":9},"end":{"line":73,"column":null}},"25":{"start":{"line":70,"column":4},"end":{"line":70,"column":null}},"26":{"start":{"line":72,"column":4},"end":{"line":72,"column":null}},"27":{"start":{"line":75,"column":2},"end":{"line":79,"column":null}},"28":{"start":{"line":76,"column":4},"end":{"line":76,"column":null}},"29":{"start":{"line":78,"column":4},"end":{"line":78,"column":null}},"30":{"start":{"line":82,"column":55},"end":{"line":82,"column":null}},"31":{"start":{"line":85,"column":2},"end":{"line":95,"column":null}},"32":{"start":{"line":98,"column":2},"end":{"line":122,"column":null}},"33":{"start":{"line":99,"column":4},"end":{"line":109,"column":null}},"34":{"start":{"line":111,"column":4},"end":{"line":121,"column":null}},"35":{"start":{"line":125,"column":2},"end":{"line":135,"column":null}},"36":{"start":{"line":137,"column":2},"end":{"line":140,"column":null}}},"fnMap":{"0":{"name":"generateUserInsights","decl":{"start":{"line":20,"column":22},"end":{"line":20,"column":43}},"loc":{"start":{"line":20,"column":89},"end":{"line":141,"column":null}},"line":20},"1":{"name":"(anonymous_1)","decl":{"start":{"line":46,"column":9},"end":{"line":46,"column":17}},"loc":{"start":{"line":46,"column":22},"end":{"line":54,"column":3}},"line":46}},"branchMap":{"0":{"loc":{"start":{"line":29,"column":2},"end":{"line":31,"column":null}},"type":"if","locations":[{"start":{"line":29,"column":2},"end":{"line":31,"column":null}},{"start":{},"end":{}}],"line":29},"1":{"loc":{"start":{"line":47,"column":4},"end":{"line":53,"column":null}},"type":"if","locations":[{"start":{"line":47,"column":4},"end":{"line":53,"column":null}},{"start":{"line":49,"column":11},"end":{"line":53,"column":null}}],"line":47},"2":{"loc":{"start":{"line":49,"column":11},"end":{"line":53,"column":null}},"type":"if","locations":[{"start":{"line":49,"column":11},"end":{"line":53,"column":null}},{"start":{"line":51,"column":11},"end":{"line":53,"column":null}}],"line":49},"3":{"loc":{"start":{"line":51,"column":11},"end":{"line":53,"column":null}},"type":"if","locations":[{"start":{"line":51,"column":11},"end":{"line":53,"column":null}},{"start":{},"end":{}}],"line":51},"4":{"loc":{"start":{"line":59,"column":2},"end":{"line":65,"column":null}},"type":"if","locations":[{"start":{"line":59,"column":2},"end":{"line":65,"column":null}},{"start":{"line":61,"column":9},"end":{"line":65,"column":null}}],"line":59},"5":{"loc":{"start":{"line":61,"column":9},"end":{"line":65,"column":null}},"type":"if","locations":[{"start":{"line":61,"column":9},"end":{"line":65,"column":null}},{"start":{"line":63,"column":9},"end":{"line":65,"column":null}}],"line":61},"6":{"loc":{"start":{"line":67,"column":2},"end":{"line":73,"column":null}},"type":"if","locations":[{"start":{"line":67,"column":2},"end":{"line":73,"column":null}},{"start":{"line":69,"column":9},"end":{"line":73,"column":null}}],"line":67},"7":{"loc":{"start":{"line":69,"column":9},"end":{"line":73,"column":null}},"type":"if","locations":[{"start":{"line":69,"column":9},"end":{"line":73,"column":null}},{"start":{"line":71,"column":9},"end":{"line":73,"column":null}}],"line":69},"8":{"loc":{"start":{"line":75,"column":2},"end":{"line":79,"column":null}},"type":"if","locations":[{"start":{"line":75,"column":2},"end":{"line":79,"column":null}},{"start":{"line":77,"column":9},"end":{"line":79,"column":null}}],"line":75},"9":{"loc":{"start":{"line":98,"column":2},"end":{"line":122,"column":null}},"type":"if","locations":[{"start":{"line":98,"column":2},"end":{"line":122,"column":null}},{"start":{"line":110,"column":9},"end":{"line":122,"column":null}}],"line":98}},"s":{"0":0,"1":0,"2":0,"3":0,"4":0,"5":0,"6":0,"7":0,"8":0,"9":0,"10":0,"11":0,"12":0,"13":0,"14":0,"15":0,"16":0,"17":0,"18":0,"19":0,"20":0,"21":0,"22":0,"23":0,"24":0,"25":0,"26":0,"27":0,"28":0,"29":0,"30":0,"31":0,"32":0,"33":0,"34":0,"35":0,"36":0},"f":{"0":0,"1":0},"b":{"0":[0,0],"1":[0,0],"2":[0,0],"3":[0,0],"4":[0,0],"5":[0,0],"6":[0,0],"7":[0,0],"8":[0,0],"9":[0,0]},"meta":{"lastBranch":10,"lastFunction":2,"lastStatement":37,"seen":{"f:20:22:20:43":0,"s:21:24:21:Infinity":0,"s:22:2:22:Infinity":1,"s:25:15:27:Infinity":2,"b:29:2:31:Infinity:undefined:undefined:undefined:undefined":0,"s:29:2:31:Infinity":3,"s:30:4:30:Infinity":4,"s:34:17:39:Infinity":5,"s:42:21:42:Infinity":6,"s:43:19:43:Infinity":7,"s:44:16:44:Infinity":8,"s:46:2:54:Infinity":9,"f:46:9:46:17":1,"b:47:4:53:Infinity:49:11:53:Infinity":1,"s:47:4:53:Infinity":10,"s:48:6:48:Infinity":11,"b:49:11:53:Infinity:51:11:53:Infinity":2,"s:49:11:53:Infinity":12,"s:50:6:50:Infinity":13,"b:51:11:53:Infinity:undefined:undefined:undefined:undefined":3,"s:51:11:53:Infinity":14,"s:52:6:52:Infinity":15,"s:56:29:56:Infinity":16,"b:59:2:65:Infinity:61:9:65:Infinity":4,"s:59:2:65:Infinity":17,"s:60:4:60:Infinity":18,"b:61:9:65:Infinity:63:9:65:Infinity":5,"s:61:9:65:Infinity":19,"s:62:4:62:Infinity":20,"s:64:4:64:Infinity":21,"b:67:2:73:Infinity:69:9:73:Infinity":6,"s:67:2:73:Infinity":22,"s:68:4:68:Infinity":23,"b:69:9:73:Infinity:71:9:73:Infinity":7,"s:69:9:73:Infinity":24,"s:70:4:70:Infinity":25,"s:72:4:72:Infinity":26,"b:75:2:79:Infinity:77:9:79:Infinity":8,"s:75:2:79:Infinity":27,"s:76:4:76:Infinity":28,"s:78:4:78:Infinity":29,"s:82:55:82:Infinity":30,"s:85:2:95:Infinity":31,"b:98:2:122:Infinity:110:9:122:Infinity":9,"s:98:2:122:Infinity":32,"s:99:4:109:Infinity":33,"s:111:4:121:Infinity":34,"s:125:2:135:Infinity":35,"s:137:2:140:Infinity":36},"fnNames":{}}}
,"D:\\new_era\\Hackthon\\footprint\\apps\\api\\src\\services\\nest.ts": {"path":"D:\\new_era\\Hackthon\\footprint\\apps\\api\\src\\services\\nest.ts","statementMap":{"0":{"start":{"line":14,"column":20},"end":{"line":14,"column":null}},"1":{"start":{"line":15,"column":27},"end":{"line":15,"column":null}},"2":{"start":{"line":17,"column":2},"end":{"line":27,"column":null}},"3":{"start":{"line":18,"column":4},"end":{"line":18,"column":null}},"4":{"start":{"line":20,"column":17},"end":{"line":20,"column":null}},"5":{"start":{"line":21,"column":20},"end":{"line":21,"column":null}},"6":{"start":{"line":22,"column":4},"end":{"line":26,"column":null}},"7":{"start":{"line":29,"column":2},"end":{"line":74,"column":null}},"8":{"start":{"line":32,"column":27},"end":{"line":32,"column":null}},"9":{"start":{"line":33,"column":4},"end":{"line":35,"column":null}},"10":{"start":{"line":34,"column":6},"end":{"line":34,"column":null}},"11":{"start":{"line":37,"column":16},"end":{"line":37,"column":null}},"12":{"start":{"line":38,"column":4},"end":{"line":38,"column":null}},"13":{"start":{"line":40,"column":21},"end":{"line":45,"column":null}},"14":{"start":{"line":47,"column":4},"end":{"line":49,"column":null}},"15":{"start":{"line":48,"column":6},"end":{"line":48,"column":null}},"16":{"start":{"line":51,"column":17},"end":{"line":51,"column":null}},"17":{"start":{"line":53,"column":23},"end":{"line":53,"column":null}},"18":{"start":{"line":53,"column":54},"end":{"line":53,"column":95}},"19":{"start":{"line":54,"column":4},"end":{"line":56,"column":null}},"20":{"start":{"line":55,"column":6},"end":{"line":55,"column":null}},"21":{"start":{"line":58,"column":31},"end":{"line":58,"column":null}},"22":{"start":{"line":59,"column":20},"end":{"line":59,"column":null}},"23":{"start":{"line":60,"column":23},"end":{"line":60,"column":null}},"24":{"start":{"line":62,"column":4},"end":{"line":66,"column":null}},"25":{"start":{"line":68,"column":4},"end":{"line":68,"column":null}},"26":{"start":{"line":69,"column":4},"end":{"line":73,"column":null}}},"fnMap":{"0":{"name":"fetchNestThermostatStatus","decl":{"start":{"line":13,"column":22},"end":{"line":13,"column":48}},"loc":{"start":{"line":13,"column":85},"end":{"line":75,"column":null}},"line":13},"1":{"name":"(anonymous_1)","decl":{"start":{"line":53,"column":37},"end":{"line":53,"column":43}},"loc":{"start":{"line":53,"column":54},"end":{"line":53,"column":95}},"line":53}},"branchMap":{"0":{"loc":{"start":{"line":14,"column":20},"end":{"line":14,"column":null}},"type":"binary-expr","locations":[{"start":{"line":14,"column":20},"end":{"line":14,"column":63}},{"start":{"line":14,"column":63},"end":{"line":14,"column":null}}],"line":14},"1":{"loc":{"start":{"line":17,"column":2},"end":{"line":27,"column":null}},"type":"if","locations":[{"start":{"line":17,"column":2},"end":{"line":27,"column":null}},{"start":{},"end":{}}],"line":17},"2":{"loc":{"start":{"line":21,"column":20},"end":{"line":21,"column":null}},"type":"binary-expr","locations":[{"start":{"line":21,"column":20},"end":{"line":21,"column":32}},{"start":{"line":21,"column":32},"end":{"line":21,"column":null}}],"line":21},"3":{"loc":{"start":{"line":23,"column":26},"end":{"line":23,"column":null}},"type":"cond-expr","locations":[{"start":{"line":23,"column":36},"end":{"line":23,"column":43}},{"start":{"line":23,"column":43},"end":{"line":23,"column":null}}],"line":23},"4":{"loc":{"start":{"line":24,"column":15},"end":{"line":24,"column":null}},"type":"cond-expr","locations":[{"start":{"line":24,"column":25},"end":{"line":24,"column":40}},{"start":{"line":24,"column":40},"end":{"line":24,"column":null}}],"line":24},"5":{"loc":{"start":{"line":25,"column":18},"end":{"line":25,"column":null}},"type":"cond-expr","locations":[{"start":{"line":25,"column":28},"end":{"line":25,"column":36}},{"start":{"line":25,"column":36},"end":{"line":25,"column":null}}],"line":25},"6":{"loc":{"start":{"line":32,"column":27},"end":{"line":32,"column":null}},"type":"binary-expr","locations":[{"start":{"line":32,"column":27},"end":{"line":32,"column":77}},{"start":{"line":32,"column":77},"end":{"line":32,"column":null}}],"line":32},"7":{"loc":{"start":{"line":33,"column":4},"end":{"line":35,"column":null}},"type":"if","locations":[{"start":{"line":33,"column":4},"end":{"line":35,"column":null}},{"start":{},"end":{}}],"line":33},"8":{"loc":{"start":{"line":47,"column":4},"end":{"line":49,"column":null}},"type":"if","locations":[{"start":{"line":47,"column":4},"end":{"line":49,"column":null}},{"start":{},"end":{}}],"line":47},"9":{"loc":{"start":{"line":54,"column":4},"end":{"line":56,"column":null}},"type":"if","locations":[{"start":{"line":54,"column":4},"end":{"line":56,"column":null}},{"start":{},"end":{}}],"line":54},"10":{"loc":{"start":{"line":58,"column":31},"end":{"line":58,"column":null}},"type":"binary-expr","locations":[{"start":{"line":58,"column":31},"end":{"line":58,"column":115}},{"start":{"line":58,"column":115},"end":{"line":58,"column":null}}],"line":58},"11":{"loc":{"start":{"line":59,"column":20},"end":{"line":59,"column":null}},"type":"binary-expr","locations":[{"start":{"line":59,"column":20},"end":{"line":59,"column":85}},{"start":{"line":59,"column":85},"end":{"line":59,"column":null}}],"line":59},"12":{"loc":{"start":{"line":60,"column":23},"end":{"line":60,"column":null}},"type":"binary-expr","locations":[{"start":{"line":60,"column":23},"end":{"line":60,"column":91}},{"start":{"line":60,"column":91},"end":{"line":60,"column":null}}],"line":60}},"s":{"0":0,"1":0,"2":0,"3":0,"4":0,"5":0,"6":0,"7":0,"8":0,"9":0,"10":0,"11":0,"12":0,"13":0,"14":0,"15":0,"16":0,"17":0,"18":0,"19":0,"20":0,"21":0,"22":0,"23":0,"24":0,"25":0,"26":0},"f":{"0":0,"1":0},"b":{"0":[0,0],"1":[0,0],"2":[0,0],"3":[0,0],"4":[0,0],"5":[0,0],"6":[0,0],"7":[0,0],"8":[0,0],"9":[0,0],"10":[0,0],"11":[0,0],"12":[0,0]},"meta":{"lastBranch":13,"lastFunction":2,"lastStatement":27,"seen":{"f:13:22:13:48":0,"s:14:20:14:Infinity":0,"b:14:20:14:63:14:63:14:Infinity":0,"s:15:27:15:Infinity":1,"b:17:2:27:Infinity:undefined:undefined:undefined:undefined":1,"s:17:2:27:Infinity":2,"s:18:4:18:Infinity":3,"s:20:17:20:Infinity":4,"s:21:20:21:Infinity":5,"b:21:20:21:32:21:32:21:Infinity":2,"s:22:4:26:Infinity":6,"b:23:36:23:43:23:43:23:Infinity":3,"b:24:25:24:40:24:40:24:Infinity":4,"b:25:28:25:36:25:36:25:Infinity":5,"s:29:2:74:Infinity":7,"s:32:27:32:Infinity":8,"b:32:27:32:77:32:77:32:Infinity":6,"b:33:4:35:Infinity:undefined:undefined:undefined:undefined":7,"s:33:4:35:Infinity":9,"s:34:6:34:Infinity":10,"s:37:16:37:Infinity":11,"s:38:4:38:Infinity":12,"s:40:21:45:Infinity":13,"b:47:4:49:Infinity:undefined:undefined:undefined:undefined":8,"s:47:4:49:Infinity":14,"s:48:6:48:Infinity":15,"s:51:17:51:Infinity":16,"s:53:23:53:Infinity":17,"f:53:37:53:43":1,"s:53:54:53:95":18,"b:54:4:56:Infinity:undefined:undefined:undefined:undefined":9,"s:54:4:56:Infinity":19,"s:55:6:55:Infinity":20,"s:58:31:58:Infinity":21,"b:58:31:58:115:58:115:58:Infinity":10,"s:59:20:59:Infinity":22,"b:59:20:59:85:59:85:59:Infinity":11,"s:60:23:60:Infinity":23,"b:60:23:60:91:60:91:60:Infinity":12,"s:62:4:66:Infinity":24,"s:68:4:68:Infinity":25,"s:69:4:73:Infinity":26},"fnNames":{}}}
,"D:\\new_era\\Hackthon\\footprint\\apps\\api\\src\\services\\shopify.ts": {"path":"D:\\new_era\\Hackthon\\footprint\\apps\\api\\src\\services\\shopify.ts","statementMap":{"0":{"start":{"line":18,"column":29},"end":{"line":18,"column":null}},"1":{"start":{"line":19,"column":26},"end":{"line":19,"column":null}},"2":{"start":{"line":21,"column":17},"end":{"line":21,"column":null}},"3":{"start":{"line":22,"column":23},"end":{"line":22,"column":null}},"4":{"start":{"line":23,"column":24},"end":{"line":23,"column":null}},"5":{"start":{"line":25,"column":2},"end":{"line":31,"column":null}},"6":{"start":{"line":26,"column":4},"end":{"line":26,"column":null}},"7":{"start":{"line":27,"column":4},"end":{"line":30,"column":null}},"8":{"start":{"line":33,"column":2},"end":{"line":67,"column":null}},"9":{"start":{"line":34,"column":24},"end":{"line":34,"column":null}},"10":{"start":{"line":35,"column":16},"end":{"line":35,"column":null}},"11":{"start":{"line":37,"column":4},"end":{"line":37,"column":null}},"12":{"start":{"line":39,"column":21},"end":{"line":50,"column":null}},"13":{"start":{"line":52,"column":4},"end":{"line":54,"column":null}},"14":{"start":{"line":53,"column":6},"end":{"line":53,"column":null}},"15":{"start":{"line":56,"column":17},"end":{"line":56,"column":null}},"16":{"start":{"line":57,"column":4},"end":{"line":60,"column":null}},"17":{"start":{"line":62,"column":4},"end":{"line":62,"column":null}},"18":{"start":{"line":63,"column":4},"end":{"line":66,"column":null}}},"fnMap":{"0":{"name":"generateShopifyDiscountCode","decl":{"start":{"line":13,"column":22},"end":{"line":13,"column":null}},"loc":{"start":{"line":17,"column":34},"end":{"line":68,"column":null}},"line":17}},"branchMap":{"0":{"loc":{"start":{"line":25,"column":2},"end":{"line":31,"column":null}},"type":"if","locations":[{"start":{"line":25,"column":2},"end":{"line":31,"column":null}},{"start":{},"end":{}}],"line":25},"1":{"loc":{"start":{"line":25,"column":6},"end":{"line":25,"column":47}},"type":"binary-expr","locations":[{"start":{"line":25,"column":6},"end":{"line":25,"column":29}},{"start":{"line":25,"column":29},"end":{"line":25,"column":47}}],"line":25},"2":{"loc":{"start":{"line":34,"column":24},"end":{"line":34,"column":null}},"type":"binary-expr","locations":[{"start":{"line":34,"column":24},"end":{"line":34,"column":68}},{"start":{"line":34,"column":68},"end":{"line":34,"column":null}}],"line":34},"3":{"loc":{"start":{"line":52,"column":4},"end":{"line":54,"column":null}},"type":"if","locations":[{"start":{"line":52,"column":4},"end":{"line":54,"column":null}},{"start":{},"end":{}}],"line":52},"4":{"loc":{"start":{"line":59,"column":18},"end":{"line":59,"column":null}},"type":"binary-expr","locations":[{"start":{"line":59,"column":18},"end":{"line":59,"column":46}},{"start":{"line":59,"column":46},"end":{"line":59,"column":null}}],"line":59}},"s":{"0":0,"1":0,"2":0,"3":0,"4":0,"5":0,"6":0,"7":0,"8":0,"9":0,"10":0,"11":0,"12":0,"13":0,"14":0,"15":0,"16":0,"17":0,"18":0},"f":{"0":0},"b":{"0":[0,0],"1":[0,0],"2":[0,0],"3":[0,0],"4":[0,0]},"meta":{"lastBranch":5,"lastFunction":1,"lastStatement":19,"seen":{"f:13:22:13:Infinity":0,"s:18:29:18:Infinity":0,"s:19:26:19:Infinity":1,"s:21:17:21:Infinity":2,"s:22:23:22:Infinity":3,"s:23:24:23:Infinity":4,"b:25:2:31:Infinity:undefined:undefined:undefined:undefined":0,"s:25:2:31:Infinity":5,"b:25:6:25:29:25:29:25:47":1,"s:26:4:26:Infinity":6,"s:27:4:30:Infinity":7,"s:33:2:67:Infinity":8,"s:34:24:34:Infinity":9,"b:34:24:34:68:34:68:34:Infinity":2,"s:35:16:35:Infinity":10,"s:37:4:37:Infinity":11,"s:39:21:50:Infinity":12,"b:52:4:54:Infinity:undefined:undefined:undefined:undefined":3,"s:52:4:54:Infinity":13,"s:53:6:53:Infinity":14,"s:56:17:56:Infinity":15,"s:57:4:60:Infinity":16,"b:59:18:59:46:59:46:59:Infinity":4,"s:62:4:62:Infinity":17,"s:63:4:66:Infinity":18},"fnNames":{}}}
,"D:\\new_era\\Hackthon\\footprint\\apps\\api\\src\\services\\signatureVerification.ts": {"path":"D:\\new_era\\Hackthon\\footprint\\apps\\api\\src\\services\\signatureVerification.ts","statementMap":{"0":{"start":{"line":13,"column":20},"end":{"line":13,"column":null}},"1":{"start":{"line":16,"column":2},"end":{"line":19,"column":null}},"2":{"start":{"line":17,"column":4},"end":{"line":17,"column":null}},"3":{"start":{"line":18,"column":4},"end":{"line":18,"column":null}},"4":{"start":{"line":21,"column":2},"end":{"line":23,"column":null}},"5":{"start":{"line":22,"column":4},"end":{"line":22,"column":null}},"6":{"start":{"line":25,"column":2},"end":{"line":43,"column":null}},"7":{"start":{"line":26,"column":30},"end":{"line":29,"column":null}},"8":{"start":{"line":32,"column":27},"end":{"line":32,"column":null}},"9":{"start":{"line":33,"column":27},"end":{"line":33,"column":null}},"10":{"start":{"line":35,"column":4},"end":{"line":37,"column":null}},"11":{"start":{"line":36,"column":6},"end":{"line":36,"column":null}},"12":{"start":{"line":39,"column":4},"end":{"line":39,"column":null}},"13":{"start":{"line":41,"column":4},"end":{"line":41,"column":null}},"14":{"start":{"line":42,"column":4},"end":{"line":42,"column":null}}},"fnMap":{"0":{"name":"verifyWebhookSignature","decl":{"start":{"line":8,"column":22},"end":{"line":8,"column":null}},"loc":{"start":{"line":12,"column":20},"end":{"line":44,"column":null}},"line":12}},"branchMap":{"0":{"loc":{"start":{"line":16,"column":2},"end":{"line":19,"column":null}},"type":"if","locations":[{"start":{"line":16,"column":2},"end":{"line":19,"column":null}},{"start":{},"end":{}}],"line":16},"1":{"loc":{"start":{"line":21,"column":2},"end":{"line":23,"column":null}},"type":"if","locations":[{"start":{"line":21,"column":2},"end":{"line":23,"column":null}},{"start":{},"end":{}}],"line":21},"2":{"loc":{"start":{"line":35,"column":4},"end":{"line":37,"column":null}},"type":"if","locations":[{"start":{"line":35,"column":4},"end":{"line":37,"column":null}},{"start":{},"end":{}}],"line":35}},"s":{"0":0,"1":0,"2":0,"3":0,"4":0,"5":0,"6":0,"7":0,"8":0,"9":0,"10":0,"11":0,"12":0,"13":0,"14":0},"f":{"0":0},"b":{"0":[0,0],"1":[0,0],"2":[0,0]},"meta":{"lastBranch":3,"lastFunction":1,"lastStatement":15,"seen":{"f:8:22:8:Infinity":0,"s:13:20:13:Infinity":0,"b:16:2:19:Infinity:undefined:undefined:undefined:undefined":0,"s:16:2:19:Infinity":1,"s:17:4:17:Infinity":2,"s:18:4:18:Infinity":3,"b:21:2:23:Infinity:undefined:undefined:undefined:undefined":1,"s:21:2:23:Infinity":4,"s:22:4:22:Infinity":5,"s:25:2:43:Infinity":6,"s:26:30:29:Infinity":7,"s:32:27:32:Infinity":8,"s:33:27:33:Infinity":9,"b:35:4:37:Infinity:undefined:undefined:undefined:undefined":2,"s:35:4:37:Infinity":10,"s:36:6:36:Infinity":11,"s:39:4:39:Infinity":12,"s:41:4:41:Infinity":13,"s:42:4:42:Infinity":14},"fnNames":{}}}
}
